[0.124s] DEBUG:colcon:Command line arguments: ['/usr/bin/colcon', 'build']
[0.124s] DEBUG:colcon:Parsed command line arguments: Namespace(log_base=None, log_level=None, verb_name='build', build_base='build', install_base='install', merge_install=False, symlink_install=False, test_result_base=None, continue_on_error=False, executor='parallel', parallel_workers=12, event_handlers=None, ignore_user_meta=False, metas=['./colcon.meta'], base_paths=['.'], packages_ignore=None, packages_ignore_regex=None, paths=None, packages_up_to=None, packages_up_to_regex=None, packages_above=None, packages_above_and_dependencies=None, packages_above_depth=None, packages_select_by_dep=None, packages_skip_by_dep=None, packages_skip_up_to=None, packages_select_build_failed=False, packages_skip_build_finished=False, packages_select_test_failures=False, packages_skip_test_passed=False, packages_select=None, packages_skip=None, packages_select_regex=None, packages_skip_regex=None, packages_start=None, packages_end=None, allow_overriding=[], cmake_args=None, cmake_target=None, cmake_target_skip_unavailable=False, cmake_clean_cache=False, cmake_clean_first=False, cmake_force_configure=False, ament_cmake_args=None, catkin_cmake_args=None, catkin_skip_building_tests=False, mixin_files=None, mixin=None, verb_parser=<colcon_mixin.mixin.mixin_argument.MixinArgumentDecorator object at 0x7ae96285a680>, verb_extension=<colcon_core.verb.build.BuildVerb object at 0x7ae96297ad10>, main=<bound method BuildVerb.main of <colcon_core.verb.build.BuildVerb object at 0x7ae96297ad10>>, mixin_verb=('build',))
[0.370s] Level 1:colcon.colcon_core.package_discovery:discover_packages(colcon_meta) check parameters
[0.370s] Level 1:colcon.colcon_core.package_discovery:discover_packages(recursive) check parameters
[0.370s] Level 1:colcon.colcon_core.package_discovery:discover_packages(ignore) check parameters
[0.370s] Level 1:colcon.colcon_core.package_discovery:discover_packages(path) check parameters
[0.370s] Level 1:colcon.colcon_core.package_discovery:discover_packages(colcon_meta) discover
[0.370s] Level 1:colcon.colcon_core.package_discovery:discover_packages(recursive) discover
[0.370s] INFO:colcon.colcon_core.package_discovery:Crawling recursively for packages in '/home/justin/abb_project'
[0.370s] Level 1:colcon.colcon_core.package_identification:_identify(.) by extensions ['ignore', 'ignore_ament_install']
[0.370s] Level 1:colcon.colcon_core.package_identification:_identify(.) by extension 'ignore'
[0.371s] Level 1:colcon.colcon_core.package_identification:_identify(.) by extension 'ignore_ament_install'
[0.371s] Level 1:colcon.colcon_core.package_identification:_identify(.) by extensions ['colcon_pkg']
[0.371s] Level 1:colcon.colcon_core.package_identification:_identify(.) by extension 'colcon_pkg'
[0.371s] Level 1:colcon.colcon_core.package_identification:_identify(.) by extensions ['colcon_meta']
[0.371s] Level 1:colcon.colcon_core.package_identification:_identify(.) by extension 'colcon_meta'
[0.371s] Level 1:colcon.colcon_core.package_identification:_identify(.) by extensions ['ros']
[0.371s] Level 1:colcon.colcon_core.package_identification:_identify(.) by extension 'ros'
[0.400s] Level 1:colcon.colcon_core.package_identification:_identify(.) by extensions ['cmake', 'python']
[0.400s] Level 1:colcon.colcon_core.package_identification:_identify(.) by extension 'cmake'
[0.400s] Level 1:colcon.colcon_core.package_identification:_identify(.) by extension 'python'
[0.400s] Level 1:colcon.colcon_core.package_identification:_identify(.) by extensions ['python_setup_py']
[0.401s] Level 1:colcon.colcon_core.package_identification:_identify(.) by extension 'python_setup_py'
[0.403s] Level 1:colcon.colcon_core.package_identification:_identify(build) by extensions ['ignore', 'ignore_ament_install']
[0.403s] Level 1:colcon.colcon_core.package_identification:_identify(build) by extension 'ignore'
[0.403s] Level 1:colcon.colcon_core.package_identification:_identify(build) ignored
[0.403s] Level 1:colcon.colcon_core.package_identification:_identify(install) by extensions ['ignore', 'ignore_ament_install']
[0.403s] Level 1:colcon.colcon_core.package_identification:_identify(install) by extension 'ignore'
[0.403s] Level 1:colcon.colcon_core.package_identification:_identify(install) ignored
[0.404s] Level 1:colcon.colcon_core.package_identification:_identify(log) by extensions ['ignore', 'ignore_ament_install']
[0.404s] Level 1:colcon.colcon_core.package_identification:_identify(log) by extension 'ignore'
[0.404s] Level 1:colcon.colcon_core.package_identification:_identify(log) ignored
[0.404s] Level 1:colcon.colcon_core.package_identification:_identify(src) by extensions ['ignore', 'ignore_ament_install']
[0.404s] Level 1:colcon.colcon_core.package_identification:_identify(src) by extension 'ignore'
[0.404s] Level 1:colcon.colcon_core.package_identification:_identify(src) by extension 'ignore_ament_install'
[0.404s] Level 1:colcon.colcon_core.package_identification:_identify(src) by extensions ['colcon_pkg']
[0.404s] Level 1:colcon.colcon_core.package_identification:_identify(src) by extension 'colcon_pkg'
[0.404s] Level 1:colcon.colcon_core.package_identification:_identify(src) by extensions ['colcon_meta']
[0.404s] Level 1:colcon.colcon_core.package_identification:_identify(src) by extension 'colcon_meta'
[0.404s] Level 1:colcon.colcon_core.package_identification:_identify(src) by extensions ['ros']
[0.404s] Level 1:colcon.colcon_core.package_identification:_identify(src) by extension 'ros'
[0.404s] Level 1:colcon.colcon_core.package_identification:_identify(src) by extensions ['cmake', 'python']
[0.404s] Level 1:colcon.colcon_core.package_identification:_identify(src) by extension 'cmake'
[0.404s] Level 1:colcon.colcon_core.package_identification:_identify(src) by extension 'python'
[0.405s] Level 1:colcon.colcon_core.package_identification:_identify(src) by extensions ['python_setup_py']
[0.405s] Level 1:colcon.colcon_core.package_identification:_identify(src) by extension 'python_setup_py'
[0.405s] Level 1:colcon.colcon_core.package_identification:_identify(src/abb_package) by extensions ['ignore', 'ignore_ament_install']
[0.405s] Level 1:colcon.colcon_core.package_identification:_identify(src/abb_package) by extension 'ignore'
[0.405s] Level 1:colcon.colcon_core.package_identification:_identify(src/abb_package) by extension 'ignore_ament_install'
[0.405s] Level 1:colcon.colcon_core.package_identification:_identify(src/abb_package) by extensions ['colcon_pkg']
[0.405s] Level 1:colcon.colcon_core.package_identification:_identify(src/abb_package) by extension 'colcon_pkg'
[0.405s] Level 1:colcon.colcon_core.package_identification:_identify(src/abb_package) by extensions ['colcon_meta']
[0.405s] Level 1:colcon.colcon_core.package_identification:_identify(src/abb_package) by extension 'colcon_meta'
[0.405s] Level 1:colcon.colcon_core.package_identification:_identify(src/abb_package) by extensions ['ros']
[0.405s] Level 1:colcon.colcon_core.package_identification:_identify(src/abb_package) by extension 'ros'
[0.408s] DEBUG:colcon.colcon_core.package_identification:Package 'src/abb_package' with type 'ros.ament_cmake' and name 'abb_package'
[0.408s] Level 1:colcon.colcon_core.package_discovery:discover_packages(recursive) using defaults
[0.408s] Level 1:colcon.colcon_core.package_discovery:discover_packages(ignore) discover
[0.408s] Level 1:colcon.colcon_core.package_discovery:discover_packages(ignore) using defaults
[0.408s] Level 1:colcon.colcon_core.package_discovery:discover_packages(path) discover
[0.408s] Level 1:colcon.colcon_core.package_discovery:discover_packages(path) using defaults
[0.445s] Level 1:colcon.colcon_core.package_discovery:discover_packages(prefix_path) check parameters
[0.445s] Level 1:colcon.colcon_core.package_discovery:discover_packages(prefix_path) discover
[0.446s] DEBUG:colcon.colcon_installed_package_information.package_discovery:Found 1 installed packages in /home/justin/abb_project/install
[0.447s] DEBUG:colcon.colcon_installed_package_information.package_discovery:Found 1 installed packages in /home/justin/ros2_ws/install
[0.448s] DEBUG:colcon.colcon_installed_package_information.package_discovery:Found 320 installed packages in /opt/ros/humble
[0.451s] DEBUG:colcon.colcon_installed_package_information.package_discovery:Found 285 installed packages in /opt/ros/iron
[0.463s] Level 1:colcon.colcon_core.package_discovery:discover_packages(prefix_path) using defaults
[0.564s] Level 5:colcon.colcon_core.verb:set package 'abb_package' build argument 'cmake_args' from command line to 'None'
[0.564s] Level 5:colcon.colcon_core.verb:set package 'abb_package' build argument 'cmake_target' from command line to 'None'
[0.564s] Level 5:colcon.colcon_core.verb:set package 'abb_package' build argument 'cmake_target_skip_unavailable' from command line to 'False'
[0.564s] Level 5:colcon.colcon_core.verb:set package 'abb_package' build argument 'cmake_clean_cache' from command line to 'False'
[0.564s] Level 5:colcon.colcon_core.verb:set package 'abb_package' build argument 'cmake_clean_first' from command line to 'False'
[0.564s] Level 5:colcon.colcon_core.verb:set package 'abb_package' build argument 'cmake_force_configure' from command line to 'False'
[0.564s] Level 5:colcon.colcon_core.verb:set package 'abb_package' build argument 'ament_cmake_args' from command line to 'None'
[0.564s] Level 5:colcon.colcon_core.verb:set package 'abb_package' build argument 'catkin_cmake_args' from command line to 'None'
[0.564s] Level 5:colcon.colcon_core.verb:set package 'abb_package' build argument 'catkin_skip_building_tests' from command line to 'False'
[0.564s] DEBUG:colcon.colcon_core.verb:Building package 'abb_package' with the following arguments: {'ament_cmake_args': None, 'build_base': '/home/justin/abb_project/build/abb_package', 'catkin_cmake_args': None, 'catkin_skip_building_tests': False, 'cmake_args': None, 'cmake_clean_cache': False, 'cmake_clean_first': False, 'cmake_force_configure': False, 'cmake_target': None, 'cmake_target_skip_unavailable': False, 'install_base': '/home/justin/abb_project/install/abb_package', 'merge_install': False, 'path': '/home/justin/abb_project/src/abb_package', 'symlink_install': False, 'test_result_base': None}
[0.564s] INFO:colcon.colcon_core.executor:Executing jobs using 'parallel' executor
[0.566s] DEBUG:colcon.colcon_parallel_executor.executor.parallel:run_until_complete
[0.566s] INFO:colcon.colcon_ros.task.ament_cmake.build:Building ROS package in '/home/justin/abb_project/src/abb_package' with build type 'ament_cmake'
[0.566s] INFO:colcon.colcon_cmake.task.cmake.build:Building CMake package in '/home/justin/abb_project/src/abb_package'
[0.568s] INFO:colcon.colcon_core.plugin_system:Skipping extension 'colcon_core.shell.bat': Not used on non-Windows systems
[0.568s] INFO:colcon.colcon_core.shell:Skip shell extension 'powershell' for command environment: Not usable outside of PowerShell
[0.568s] DEBUG:colcon.colcon_core.shell:Skip shell extension 'dsv' for command environment
[0.581s] DEBUG:colcon.colcon_core.event_handler.log_command:Invoking command in '/home/justin/abb_project/build/abb_package': CMAKE_PREFIX_PATH=${CMAKE_PREFIX_PATH}:/home/justin/ros2_ws/install/wailord_cv:/opt/ros/humble:/opt/ros/iron CONDA_PROMPT_MODIFIER=(base) /usr/bin/cmake --build /home/justin/abb_project/build/abb_package -- -j12 -l12
[5.722s] DEBUG:colcon.colcon_core.event_handler.log_command:Invoked command in '/home/justin/abb_project/build/abb_package' returned '0': CMAKE_PREFIX_PATH=${CMAKE_PREFIX_PATH}:/home/justin/ros2_ws/install/wailord_cv:/opt/ros/humble:/opt/ros/iron CONDA_PROMPT_MODIFIER=(base) /usr/bin/cmake --build /home/justin/abb_project/build/abb_package -- -j12 -l12
[5.756s] DEBUG:colcon.colcon_core.event_handler.log_command:Invoking command in '/home/justin/abb_project/build/abb_package': CMAKE_PREFIX_PATH=${CMAKE_PREFIX_PATH}:/home/justin/ros2_ws/install/wailord_cv:/opt/ros/humble:/opt/ros/iron CONDA_PROMPT_MODIFIER=(base) /usr/bin/cmake --install /home/justin/abb_project/build/abb_package
[5.768s] Level 1:colcon.colcon_core.environment:create_environment_scripts_only(abb_package)
[5.769s] DEBUG:colcon.colcon_core.event_handler.log_command:Invoked command in '/home/justin/abb_project/build/abb_package' returned '0': CMAKE_PREFIX_PATH=${CMAKE_PREFIX_PATH}:/home/justin/ros2_ws/install/wailord_cv:/opt/ros/humble:/opt/ros/iron CONDA_PROMPT_MODIFIER=(base) /usr/bin/cmake --install /home/justin/abb_project/build/abb_package
[5.772s] Level 1:colcon.colcon_core.environment:checking '/home/justin/abb_project/install/abb_package' for CMake module files
[5.773s] Level 1:colcon.colcon_core.environment:checking '/home/justin/abb_project/install/abb_package' for CMake config files
[5.773s] Level 1:colcon.colcon_core.shell:create_environment_hook('abb_package', 'cmake_prefix_path')
[5.774s] INFO:colcon.colcon_core.shell:Creating environment hook '/home/justin/abb_project/install/abb_package/share/abb_package/hook/cmake_prefix_path.ps1'
[5.774s] INFO:colcon.colcon_core.shell:Creating environment descriptor '/home/justin/abb_project/install/abb_package/share/abb_package/hook/cmake_prefix_path.dsv'
[5.775s] INFO:colcon.colcon_core.shell:Creating environment hook '/home/justin/abb_project/install/abb_package/share/abb_package/hook/cmake_prefix_path.sh'
[5.776s] Level 1:colcon.colcon_core.environment:checking '/home/justin/abb_project/install/abb_package/lib'
[5.777s] Level 1:colcon.colcon_core.environment:checking '/home/justin/abb_project/install/abb_package/bin'
[5.777s] Level 1:colcon.colcon_core.environment:checking '/home/justin/abb_project/install/abb_package/lib/pkgconfig/abb_package.pc'
[5.777s] Level 1:colcon.colcon_core.environment:checking '/home/justin/abb_project/install/abb_package/lib/python3.10/site-packages'
[5.778s] Level 1:colcon.colcon_core.environment:checking '/home/justin/abb_project/install/abb_package/bin'
[5.778s] INFO:colcon.colcon_core.shell:Creating package script '/home/justin/abb_project/install/abb_package/share/abb_package/package.ps1'
[5.780s] INFO:colcon.colcon_core.shell:Creating package descriptor '/home/justin/abb_project/install/abb_package/share/abb_package/package.dsv'
[5.780s] INFO:colcon.colcon_core.shell:Creating package script '/home/justin/abb_project/install/abb_package/share/abb_package/package.sh'
[5.781s] INFO:colcon.colcon_core.shell:Creating package script '/home/justin/abb_project/install/abb_package/share/abb_package/package.bash'
[5.783s] INFO:colcon.colcon_core.shell:Creating package script '/home/justin/abb_project/install/abb_package/share/abb_package/package.zsh'
[5.784s] Level 1:colcon.colcon_core.environment:create_file_with_runtime_dependencies(/home/justin/abb_project/install/abb_package/share/colcon-core/packages/abb_package)
[5.807s] Level 1:colcon.colcon_core.environment:create_environment_scripts_only(abb_package)
[5.808s] Level 1:colcon.colcon_core.environment:checking '/home/justin/abb_project/install/abb_package' for CMake module files
[5.808s] Level 1:colcon.colcon_core.environment:checking '/home/justin/abb_project/install/abb_package' for CMake config files
[5.809s] Level 1:colcon.colcon_core.shell:create_environment_hook('abb_package', 'cmake_prefix_path')
[5.809s] INFO:colcon.colcon_core.shell:Creating environment hook '/home/justin/abb_project/install/abb_package/share/abb_package/hook/cmake_prefix_path.ps1'
[5.809s] INFO:colcon.colcon_core.shell:Creating environment descriptor '/home/justin/abb_project/install/abb_package/share/abb_package/hook/cmake_prefix_path.dsv'
[5.810s] INFO:colcon.colcon_core.shell:Creating environment hook '/home/justin/abb_project/install/abb_package/share/abb_package/hook/cmake_prefix_path.sh'
[5.810s] Level 1:colcon.colcon_core.environment:checking '/home/justin/abb_project/install/abb_package/lib'
[5.810s] Level 1:colcon.colcon_core.environment:checking '/home/justin/abb_project/install/abb_package/bin'
[5.810s] Level 1:colcon.colcon_core.environment:checking '/home/justin/abb_project/install/abb_package/lib/pkgconfig/abb_package.pc'
[5.811s] Level 1:colcon.colcon_core.environment:checking '/home/justin/abb_project/install/abb_package/lib/python3.10/site-packages'
[5.811s] Level 1:colcon.colcon_core.environment:checking '/home/justin/abb_project/install/abb_package/bin'
[5.811s] INFO:colcon.colcon_core.shell:Creating package script '/home/justin/abb_project/install/abb_package/share/abb_package/package.ps1'
[5.812s] INFO:colcon.colcon_core.shell:Creating package descriptor '/home/justin/abb_project/install/abb_package/share/abb_package/package.dsv'
[5.812s] INFO:colcon.colcon_core.shell:Creating package script '/home/justin/abb_project/install/abb_package/share/abb_package/package.sh'
[5.813s] INFO:colcon.colcon_core.shell:Creating package script '/home/justin/abb_project/install/abb_package/share/abb_package/package.bash'
[5.813s] INFO:colcon.colcon_core.shell:Creating package script '/home/justin/abb_project/install/abb_package/share/abb_package/package.zsh'
[5.813s] Level 1:colcon.colcon_core.environment:create_file_with_runtime_dependencies(/home/justin/abb_project/install/abb_package/share/colcon-core/packages/abb_package)
[5.814s] DEBUG:colcon.colcon_parallel_executor.executor.parallel:closing loop
[5.814s] DEBUG:colcon.colcon_parallel_executor.executor.parallel:loop closed
[5.814s] DEBUG:colcon.colcon_parallel_executor.executor.parallel:run_until_complete finished with '0'
[5.814s] DEBUG:colcon.colcon_core.event_reactor:joining thread
[5.820s] INFO:colcon.colcon_core.plugin_system:Skipping extension 'colcon_notification.desktop_notification.notify_send': Could not find 'notify-send'
[5.820s] INFO:colcon.colcon_core.plugin_system:Skipping extension 'colcon_notification.desktop_notification.terminal_notifier': Not used on non-Darwin systems
[5.820s] INFO:colcon.colcon_core.plugin_system:Skipping extension 'colcon_notification.desktop_notification.win32': Not used on non-Windows systems
[5.820s] INFO:colcon.colcon_notification.desktop_notification:Sending desktop notification using 'notify2'
[5.852s] DEBUG:colcon.colcon_core.event_reactor:joined thread
[5.852s] INFO:colcon.colcon_core.shell:Creating prefix script '/home/justin/abb_project/install/local_setup.ps1'
[5.854s] INFO:colcon.colcon_core.shell:Creating prefix util module '/home/justin/abb_project/install/_local_setup_util_ps1.py'
[5.856s] INFO:colcon.colcon_core.shell:Creating prefix chain script '/home/justin/abb_project/install/setup.ps1'
[5.858s] INFO:colcon.colcon_core.shell:Creating prefix script '/home/justin/abb_project/install/local_setup.sh'
[5.859s] INFO:colcon.colcon_core.shell:Creating prefix util module '/home/justin/abb_project/install/_local_setup_util_sh.py'
[5.860s] INFO:colcon.colcon_core.shell:Creating prefix chain script '/home/justin/abb_project/install/setup.sh'
[5.861s] INFO:colcon.colcon_core.shell:Creating prefix script '/home/justin/abb_project/install/local_setup.bash'
[5.862s] INFO:colcon.colcon_core.shell:Creating prefix chain script '/home/justin/abb_project/install/setup.bash'
[5.863s] INFO:colcon.colcon_core.shell:Creating prefix script '/home/justin/abb_project/install/local_setup.zsh'
[5.863s] INFO:colcon.colcon_core.shell:Creating prefix chain script '/home/justin/abb_project/install/setup.zsh'
