[35m[1mConsolidate compiler generated dependencies of target abb_node[0m
[ 50%] [32mBuilding CXX object CMakeFiles/abb_node.dir/src/abb_node.cpp.o[0m
[01m[K/home/justin/abb_project/src/abb_package/src/abb_node.cpp:[m[K In member function ‘[01m[Kdouble abbRobot::calculateJoint3(double, double, double)[m[K’:
[01m[K/home/justin/abb_project/src/abb_package/src/abb_node.cpp:96:55:[m[K [01;35m[Kwarning: [m[Kunused parameter ‘[01m[Kz[m[K’ [[01;35m[K]8;;https://gcc.gnu.org/onlinedocs/gcc/Warning-Options.html#index-Wunused-parameter-Wunused-parameter]8;;[m[K]
   96 |     double calculateJoint3(double x, double y, [01;35m[Kdouble z[m[K) {
      |                                                [01;35m[K~~~~~~~^[m[K
[100%] [32m[1mLinking CXX executable abb_node[0m
[100%] Built target abb_node
-- Install configuration: ""
-- Execute custom install script
-- Up-to-date symlink: /home/justin/abb_project/install/abb_package/lib/abb_package/abb_node
-- Up-to-date symlink: /home/justin/abb_project/install/abb_package/share/ament_index/resource_index/package_run_dependencies/abb_package
-- Up-to-date symlink: /home/justin/abb_project/install/abb_package/share/ament_index/resource_index/parent_prefix_path/abb_package
-- Up-to-date symlink: /home/justin/abb_project/install/abb_package/share/abb_package/environment/ament_prefix_path.sh
-- Up-to-date symlink: /home/justin/abb_project/install/abb_package/share/abb_package/environment/ament_prefix_path.dsv
-- Up-to-date symlink: /home/justin/abb_project/install/abb_package/share/abb_package/environment/path.sh
-- Up-to-date symlink: /home/justin/abb_project/install/abb_package/share/abb_package/environment/path.dsv
-- Up-to-date symlink: /home/justin/abb_project/install/abb_package/share/abb_package/local_setup.bash
-- Up-to-date symlink: /home/justin/abb_project/install/abb_package/share/abb_package/local_setup.sh
-- Up-to-date symlink: /home/justin/abb_project/install/abb_package/share/abb_package/local_setup.zsh
-- Up-to-date symlink: /home/justin/abb_project/install/abb_package/share/abb_package/local_setup.dsv
-- Symlinking: /home/justin/abb_project/install/abb_package/share/abb_package/package.dsv
-- Up-to-date symlink: /home/justin/abb_project/install/abb_package/share/ament_index/resource_index/packages/abb_package
-- Up-to-date symlink: /home/justin/abb_project/install/abb_package/share/abb_package/cmake/abb_packageConfig.cmake
-- Up-to-date symlink: /home/justin/abb_project/install/abb_package/share/abb_package/cmake/abb_packageConfig-version.cmake
-- Up-to-date symlink: /home/justin/abb_project/install/abb_package/share/abb_package/package.xml
