[0.013s] Invoking command in '/home/justin/abb_project/build/abb_package': CMAKE_PREFIX_PATH=${CMAKE_PREFIX_PATH}:/home/justin/ros2_ws/install/wailord_cv:/opt/ros/humble:/opt/ros/iron CONDA_PROMPT_MODIFIER=(base) /usr/bin/cmake --build /home/justin/abb_project/build/abb_package -- -j12 -l12
[0.052s] [35m[1mConsolidate compiler generated dependencies of target abb_node[0m
[0.068s] [100%] Built target abb_node
[0.078s] Invoked command in '/home/justin/abb_project/build/abb_package' returned '0': CMAKE_PREFIX_PATH=${CMAKE_PREFIX_PATH}:/home/justin/ros2_ws/install/wailord_cv:/opt/ros/humble:/opt/ros/iron CONDA_PROMPT_MODIFIER=(base) /usr/bin/cmake --build /home/justin/abb_project/build/abb_package -- -j12 -l12
[0.109s] Invoking command in '/home/justin/abb_project/build/abb_package': CMAKE_PREFIX_PATH=${CMAKE_PREFIX_PATH}:/home/justin/ros2_ws/install/wailord_cv:/opt/ros/humble:/opt/ros/iron CONDA_PROMPT_MODIFIER=(base) /usr/bin/cmake --install /home/justin/abb_project/build/abb_package
[0.116s] -- Install configuration: ""
[0.116s] -- Up-to-date: /home/justin/abb_project/install/abb_package/lib/abb_package/abb_node
[0.117s] -- Up-to-date: /home/justin/abb_project/install/abb_package/share/ament_index/resource_index/package_run_dependencies/abb_package
[0.117s] -- Up-to-date: /home/justin/abb_project/install/abb_package/share/ament_index/resource_index/parent_prefix_path/abb_package
[0.117s] -- Up-to-date: /home/justin/abb_project/install/abb_package/share/abb_package/environment/ament_prefix_path.sh
[0.117s] -- Up-to-date: /home/justin/abb_project/install/abb_package/share/abb_package/environment/ament_prefix_path.dsv
[0.117s] -- Up-to-date: /home/justin/abb_project/install/abb_package/share/abb_package/environment/path.sh
[0.117s] -- Up-to-date: /home/justin/abb_project/install/abb_package/share/abb_package/environment/path.dsv
[0.117s] -- Up-to-date: /home/justin/abb_project/install/abb_package/share/abb_package/local_setup.bash
[0.117s] -- Up-to-date: /home/justin/abb_project/install/abb_package/share/abb_package/local_setup.sh
[0.118s] -- Up-to-date: /home/justin/abb_project/install/abb_package/share/abb_package/local_setup.zsh
[0.118s] -- Up-to-date: /home/justin/abb_project/install/abb_package/share/abb_package/local_setup.dsv
[0.118s] -- Installing: /home/justin/abb_project/install/abb_package/share/abb_package/package.dsv
[0.118s] -- Up-to-date: /home/justin/abb_project/install/abb_package/share/ament_index/resource_index/packages/abb_package
[0.118s] -- Up-to-date: /home/justin/abb_project/install/abb_package/share/abb_package/cmake/abb_packageConfig.cmake
[0.118s] -- Up-to-date: /home/justin/abb_project/install/abb_package/share/abb_package/cmake/abb_packageConfig-version.cmake
[0.118s] -- Up-to-date: /home/justin/abb_project/install/abb_package/share/abb_package/package.xml
[0.119s] Invoked command in '/home/justin/abb_project/build/abb_package' returned '0': CMAKE_PREFIX_PATH=${CMAKE_PREFIX_PATH}:/home/justin/ros2_ws/install/wailord_cv:/opt/ros/humble:/opt/ros/iron CONDA_PROMPT_MODIFIER=(base) /usr/bin/cmake --install /home/justin/abb_project/build/abb_package
