[0.008s] Invoking command in '/home/justin/abb_project/build/abb_package': CMAKE_PREFIX_PATH=/opt/ros/humble:/home/justin/ros2_ws/install/wailord_cv: CONDA_PROMPT_MODIFIER=(base) /usr/bin/cmake /home/justin/abb_project/src/abb_package -DAMENT_CMAKE_SYMLINK_INSTALL=1 -DCMAKE_INSTALL_PREFIX=/home/justin/abb_project/install/abb_package
[0.022s] -- Found ament_cmake: 1.3.10 (/opt/ros/humble/share/ament_cmake/cmake)
[0.131s] -- Override CMake install command with custom implementation using symlinks instead of copying resources
[0.144s] -- Found rclcpp: 16.0.10 (/opt/ros/humble/share/rclcpp/cmake)
[0.181s] -- Found rosidl_generator_c: 3.1.5 (/opt/ros/humble/share/rosidl_generator_c/cmake)
[0.183s] -- Found rosidl_adapter: 3.1.5 (/opt/ros/humble/share/rosidl_adapter/cmake)
[0.190s] -- Found rosidl_generator_cpp: 3.1.5 (/opt/ros/humble/share/rosidl_generator_cpp/cmake)
[0.199s] -- Using all available rosidl_typesupport_c: rosidl_typesupport_fastrtps_c;rosidl_typesupport_introspection_c
[0.211s] -- Using all available rosidl_typesupport_cpp: rosidl_typesupport_fastrtps_cpp;rosidl_typesupport_introspection_cpp
[0.244s] -- Found rmw_implementation_cmake: 6.1.2 (/opt/ros/humble/share/rmw_implementation_cmake/cmake)
[0.246s] -- Found rmw_fastrtps_cpp: 6.2.7 (/opt/ros/humble/share/rmw_fastrtps_cpp/cmake)
[0.329s] -- Using RMW implementation 'rmw_fastrtps_cpp' as default
[0.387s] -- Found sensor_msgs: 4.2.4 (/opt/ros/humble/share/sensor_msgs/cmake)
[0.421s] -- Found ament_lint_auto: 0.12.11 (/opt/ros/humble/share/ament_lint_auto/cmake)
[0.511s] -- Added test 'cppcheck' to perform static code analysis on C / C++ code
[0.511s] -- Configured cppcheck include dirs: $<BUILD_INTERFACE:/home/justin/abb_project/src/abb_package/include>
[0.512s] -- Configured cppcheck exclude dirs and/or files: 
[0.512s] -- Added test 'lint_cmake' to check CMake code style
[0.513s] -- Added test 'uncrustify' to check C / C++ code style
[0.513s] -- Configured uncrustify additional arguments: 
[0.513s] -- Added test 'xmllint' to check XML markup files
[0.515s] -- Configuring done
[0.524s] -- Generating done
[0.525s] -- Build files have been written to: /home/justin/abb_project/build/abb_package
[0.530s] Invoked command in '/home/justin/abb_project/build/abb_package' returned '0': CMAKE_PREFIX_PATH=/opt/ros/humble:/home/justin/ros2_ws/install/wailord_cv: CONDA_PROMPT_MODIFIER=(base) /usr/bin/cmake /home/justin/abb_project/src/abb_package -DAMENT_CMAKE_SYMLINK_INSTALL=1 -DCMAKE_INSTALL_PREFIX=/home/justin/abb_project/install/abb_package
[0.532s] Invoking command in '/home/justin/abb_project/build/abb_package': CMAKE_PREFIX_PATH=/opt/ros/humble:/home/justin/ros2_ws/install/wailord_cv: CONDA_PROMPT_MODIFIER=(base) /usr/bin/cmake --build /home/justin/abb_project/build/abb_package -- -j12 -l12
[0.563s] [35m[1mConsolidate compiler generated dependencies of target abb_node[0m
[0.575s] [ 50%] [32m[1mLinking CXX executable abb_node[0m
[0.765s] [100%] Built target abb_node
[0.772s] Invoked command in '/home/justin/abb_project/build/abb_package' returned '0': CMAKE_PREFIX_PATH=/opt/ros/humble:/home/justin/ros2_ws/install/wailord_cv: CONDA_PROMPT_MODIFIER=(base) /usr/bin/cmake --build /home/justin/abb_project/build/abb_package -- -j12 -l12
[0.795s] Invoking command in '/home/justin/abb_project/build/abb_package': CMAKE_PREFIX_PATH=/opt/ros/humble:/home/justin/ros2_ws/install/wailord_cv: CONDA_PROMPT_MODIFIER=(base) /usr/bin/cmake --install /home/justin/abb_project/build/abb_package
[0.800s] -- Install configuration: ""
[0.801s] -- Execute custom install script
[0.801s] -- Symlinking: /home/justin/abb_project/install/abb_package/lib/abb_package/abb_node
[0.809s] -- Symlinking: /home/justin/abb_project/install/abb_package/share/ament_index/resource_index/package_run_dependencies/abb_package
[0.817s] -- Symlinking: /home/justin/abb_project/install/abb_package/share/ament_index/resource_index/parent_prefix_path/abb_package
[0.825s] -- Symlinking: /home/justin/abb_project/install/abb_package/share/abb_package/environment/ament_prefix_path.sh
[0.831s] -- Symlinking: /home/justin/abb_project/install/abb_package/share/abb_package/environment/ament_prefix_path.dsv
[0.838s] -- Symlinking: /home/justin/abb_project/install/abb_package/share/abb_package/environment/path.sh
[0.845s] -- Symlinking: /home/justin/abb_project/install/abb_package/share/abb_package/environment/path.dsv
[0.851s] -- Symlinking: /home/justin/abb_project/install/abb_package/share/abb_package/local_setup.bash
[0.857s] -- Symlinking: /home/justin/abb_project/install/abb_package/share/abb_package/local_setup.sh
[0.863s] -- Symlinking: /home/justin/abb_project/install/abb_package/share/abb_package/local_setup.zsh
[0.869s] -- Symlinking: /home/justin/abb_project/install/abb_package/share/abb_package/local_setup.dsv
[0.875s] -- Symlinking: /home/justin/abb_project/install/abb_package/share/abb_package/package.dsv
[0.882s] -- Symlinking: /home/justin/abb_project/install/abb_package/share/ament_index/resource_index/packages/abb_package
[0.888s] -- Symlinking: /home/justin/abb_project/install/abb_package/share/abb_package/cmake/abb_packageConfig.cmake
[0.895s] -- Symlinking: /home/justin/abb_project/install/abb_package/share/abb_package/cmake/abb_packageConfig-version.cmake
[0.901s] -- Symlinking: /home/justin/abb_project/install/abb_package/share/abb_package/package.xml
[0.909s] Invoked command in '/home/justin/abb_project/build/abb_package' returned '0': CMAKE_PREFIX_PATH=/opt/ros/humble:/home/justin/ros2_ws/install/wailord_cv: CONDA_PROMPT_MODIFIER=(base) /usr/bin/cmake --install /home/justin/abb_project/build/abb_package
