[0.150s] DEBUG:colcon:Command line arguments: ['/usr/bin/colcon', 'build']
[0.150s] DEBUG:colcon:Parsed command line arguments: Namespace(log_base=None, log_level=None, verb_name='build', build_base='build', install_base='install', merge_install=False, symlink_install=False, test_result_base=None, continue_on_error=False, executor='parallel', parallel_workers=12, event_handlers=None, ignore_user_meta=False, metas=['./colcon.meta'], base_paths=['.'], packages_ignore=None, packages_ignore_regex=None, paths=None, packages_up_to=None, packages_up_to_regex=None, packages_above=None, packages_above_and_dependencies=None, packages_above_depth=None, packages_select_by_dep=None, packages_skip_by_dep=None, packages_skip_up_to=None, packages_select_build_failed=False, packages_skip_build_finished=False, packages_select_test_failures=False, packages_skip_test_passed=False, packages_select=None, packages_skip=None, packages_select_regex=None, packages_skip_regex=None, packages_start=None, packages_end=None, allow_overriding=[], cmake_args=None, cmake_target=None, cmake_target_skip_unavailable=False, cmake_clean_cache=False, cmake_clean_first=False, cmake_force_configure=False, ament_cmake_args=None, catkin_cmake_args=None, catkin_skip_building_tests=False, mixin_files=None, mixin=None, verb_parser=<colcon_mixin.mixin.mixin_argument.MixinArgumentDecorator object at 0x7cfbb244e680>, verb_extension=<colcon_core.verb.build.BuildVerb object at 0x7cfbb256ed10>, main=<bound method BuildVerb.main of <colcon_core.verb.build.BuildVerb object at 0x7cfbb256ed10>>, mixin_verb=('build',))
[0.413s] Level 1:colcon.colcon_core.package_discovery:discover_packages(colcon_meta) check parameters
[0.413s] Level 1:colcon.colcon_core.package_discovery:discover_packages(recursive) check parameters
[0.413s] Level 1:colcon.colcon_core.package_discovery:discover_packages(ignore) check parameters
[0.413s] Level 1:colcon.colcon_core.package_discovery:discover_packages(path) check parameters
[0.413s] Level 1:colcon.colcon_core.package_discovery:discover_packages(colcon_meta) discover
[0.413s] Level 1:colcon.colcon_core.package_discovery:discover_packages(recursive) discover
[0.413s] INFO:colcon.colcon_core.package_discovery:Crawling recursively for packages in '/home/justin/abb_project'
[0.413s] Level 1:colcon.colcon_core.package_identification:_identify(.) by extensions ['ignore', 'ignore_ament_install']
[0.413s] Level 1:colcon.colcon_core.package_identification:_identify(.) by extension 'ignore'
[0.413s] Level 1:colcon.colcon_core.package_identification:_identify(.) by extension 'ignore_ament_install'
[0.414s] Level 1:colcon.colcon_core.package_identification:_identify(.) by extensions ['colcon_pkg']
[0.414s] Level 1:colcon.colcon_core.package_identification:_identify(.) by extension 'colcon_pkg'
[0.414s] Level 1:colcon.colcon_core.package_identification:_identify(.) by extensions ['colcon_meta']
[0.414s] Level 1:colcon.colcon_core.package_identification:_identify(.) by extension 'colcon_meta'
[0.414s] Level 1:colcon.colcon_core.package_identification:_identify(.) by extensions ['ros']
[0.414s] Level 1:colcon.colcon_core.package_identification:_identify(.) by extension 'ros'
[0.427s] Level 1:colcon.colcon_core.package_identification:_identify(.) by extensions ['cmake', 'python']
[0.427s] Level 1:colcon.colcon_core.package_identification:_identify(.) by extension 'cmake'
[0.427s] Level 1:colcon.colcon_core.package_identification:_identify(.) by extension 'python'
[0.427s] Level 1:colcon.colcon_core.package_identification:_identify(.) by extensions ['python_setup_py']
[0.427s] Level 1:colcon.colcon_core.package_identification:_identify(.) by extension 'python_setup_py'
[0.427s] Level 1:colcon.colcon_core.package_identification:_identify(build) by extensions ['ignore', 'ignore_ament_install']
[0.427s] Level 1:colcon.colcon_core.package_identification:_identify(build) by extension 'ignore'
[0.428s] Level 1:colcon.colcon_core.package_identification:_identify(build) ignored
[0.428s] Level 1:colcon.colcon_core.package_identification:_identify(install) by extensions ['ignore', 'ignore_ament_install']
[0.428s] Level 1:colcon.colcon_core.package_identification:_identify(install) by extension 'ignore'
[0.428s] Level 1:colcon.colcon_core.package_identification:_identify(install) ignored
[0.428s] Level 1:colcon.colcon_core.package_identification:_identify(log) by extensions ['ignore', 'ignore_ament_install']
[0.428s] Level 1:colcon.colcon_core.package_identification:_identify(log) by extension 'ignore'
[0.428s] Level 1:colcon.colcon_core.package_identification:_identify(log) ignored
[0.428s] Level 1:colcon.colcon_core.package_identification:_identify(src) by extensions ['ignore', 'ignore_ament_install']
[0.428s] Level 1:colcon.colcon_core.package_identification:_identify(src) by extension 'ignore'
[0.428s] Level 1:colcon.colcon_core.package_identification:_identify(src) by extension 'ignore_ament_install'
[0.428s] Level 1:colcon.colcon_core.package_identification:_identify(src) by extensions ['colcon_pkg']
[0.428s] Level 1:colcon.colcon_core.package_identification:_identify(src) by extension 'colcon_pkg'
[0.428s] Level 1:colcon.colcon_core.package_identification:_identify(src) by extensions ['colcon_meta']
[0.428s] Level 1:colcon.colcon_core.package_identification:_identify(src) by extension 'colcon_meta'
[0.429s] Level 1:colcon.colcon_core.package_identification:_identify(src) by extensions ['ros']
[0.429s] Level 1:colcon.colcon_core.package_identification:_identify(src) by extension 'ros'
[0.429s] Level 1:colcon.colcon_core.package_identification:_identify(src) by extensions ['cmake', 'python']
[0.429s] Level 1:colcon.colcon_core.package_identification:_identify(src) by extension 'cmake'
[0.429s] Level 1:colcon.colcon_core.package_identification:_identify(src) by extension 'python'
[0.429s] Level 1:colcon.colcon_core.package_identification:_identify(src) by extensions ['python_setup_py']
[0.429s] Level 1:colcon.colcon_core.package_identification:_identify(src) by extension 'python_setup_py'
[0.429s] Level 1:colcon.colcon_core.package_identification:_identify(src/abb_package) by extensions ['ignore', 'ignore_ament_install']
[0.429s] Level 1:colcon.colcon_core.package_identification:_identify(src/abb_package) by extension 'ignore'
[0.429s] Level 1:colcon.colcon_core.package_identification:_identify(src/abb_package) by extension 'ignore_ament_install'
[0.429s] Level 1:colcon.colcon_core.package_identification:_identify(src/abb_package) by extensions ['colcon_pkg']
[0.429s] Level 1:colcon.colcon_core.package_identification:_identify(src/abb_package) by extension 'colcon_pkg'
[0.429s] Level 1:colcon.colcon_core.package_identification:_identify(src/abb_package) by extensions ['colcon_meta']
[0.429s] Level 1:colcon.colcon_core.package_identification:_identify(src/abb_package) by extension 'colcon_meta'
[0.429s] Level 1:colcon.colcon_core.package_identification:_identify(src/abb_package) by extensions ['ros']
[0.429s] Level 1:colcon.colcon_core.package_identification:_identify(src/abb_package) by extension 'ros'
[0.433s] DEBUG:colcon.colcon_core.package_identification:Package 'src/abb_package' with type 'ros.ament_cmake' and name 'abb_package'
[0.433s] Level 1:colcon.colcon_core.package_discovery:discover_packages(recursive) using defaults
[0.433s] Level 1:colcon.colcon_core.package_discovery:discover_packages(ignore) discover
[0.433s] Level 1:colcon.colcon_core.package_discovery:discover_packages(ignore) using defaults
[0.433s] Level 1:colcon.colcon_core.package_discovery:discover_packages(path) discover
[0.433s] Level 1:colcon.colcon_core.package_discovery:discover_packages(path) using defaults
[0.468s] Level 1:colcon.colcon_core.package_discovery:discover_packages(prefix_path) check parameters
[0.468s] Level 1:colcon.colcon_core.package_discovery:discover_packages(prefix_path) discover
[0.471s] DEBUG:colcon.colcon_installed_package_information.package_discovery:Found 1 installed packages in /home/justin/ros2_ws/install
[0.473s] DEBUG:colcon.colcon_installed_package_information.package_discovery:Found 318 installed packages in /opt/ros/humble
[0.477s] DEBUG:colcon.colcon_installed_package_information.package_discovery:Found 285 installed packages in /opt/ros/iron
[0.487s] Level 1:colcon.colcon_core.package_discovery:discover_packages(prefix_path) using defaults
[0.636s] Level 5:colcon.colcon_core.verb:set package 'abb_package' build argument 'cmake_args' from command line to 'None'
[0.636s] Level 5:colcon.colcon_core.verb:set package 'abb_package' build argument 'cmake_target' from command line to 'None'
[0.636s] Level 5:colcon.colcon_core.verb:set package 'abb_package' build argument 'cmake_target_skip_unavailable' from command line to 'False'
[0.636s] Level 5:colcon.colcon_core.verb:set package 'abb_package' build argument 'cmake_clean_cache' from command line to 'False'
[0.636s] Level 5:colcon.colcon_core.verb:set package 'abb_package' build argument 'cmake_clean_first' from command line to 'False'
[0.636s] Level 5:colcon.colcon_core.verb:set package 'abb_package' build argument 'cmake_force_configure' from command line to 'False'
[0.636s] Level 5:colcon.colcon_core.verb:set package 'abb_package' build argument 'ament_cmake_args' from command line to 'None'
[0.636s] Level 5:colcon.colcon_core.verb:set package 'abb_package' build argument 'catkin_cmake_args' from command line to 'None'
[0.636s] Level 5:colcon.colcon_core.verb:set package 'abb_package' build argument 'catkin_skip_building_tests' from command line to 'False'
[0.636s] DEBUG:colcon.colcon_core.verb:Building package 'abb_package' with the following arguments: {'ament_cmake_args': None, 'build_base': '/home/justin/abb_project/build/abb_package', 'catkin_cmake_args': None, 'catkin_skip_building_tests': False, 'cmake_args': None, 'cmake_clean_cache': False, 'cmake_clean_first': False, 'cmake_force_configure': False, 'cmake_target': None, 'cmake_target_skip_unavailable': False, 'install_base': '/home/justin/abb_project/install/abb_package', 'merge_install': False, 'path': '/home/justin/abb_project/src/abb_package', 'symlink_install': False, 'test_result_base': None}
[0.636s] INFO:colcon.colcon_core.executor:Executing jobs using 'parallel' executor
[0.637s] DEBUG:colcon.colcon_parallel_executor.executor.parallel:run_until_complete
[0.637s] INFO:colcon.colcon_ros.task.ament_cmake.build:Building ROS package in '/home/justin/abb_project/src/abb_package' with build type 'ament_cmake'
[0.638s] INFO:colcon.colcon_cmake.task.cmake.build:Building CMake package in '/home/justin/abb_project/src/abb_package'
[0.640s] INFO:colcon.colcon_core.plugin_system:Skipping extension 'colcon_core.shell.bat': Not used on non-Windows systems
[0.641s] INFO:colcon.colcon_core.shell:Skip shell extension 'powershell' for command environment: Not usable outside of PowerShell
[0.641s] DEBUG:colcon.colcon_core.shell:Skip shell extension 'dsv' for command environment
[0.649s] DEBUG:colcon.colcon_core.event_handler.log_command:Invoking command in '/home/justin/abb_project/build/abb_package': CMAKE_PREFIX_PATH=/home/justin/ros2_ws/install/wailord_cv:/opt/ros/humble:/opt/ros/iron CONDA_PROMPT_MODIFIER=(base) /usr/bin/cmake /home/justin/abb_project/src/abb_package -DCMAKE_INSTALL_PREFIX=/home/justin/abb_project/install/abb_package
[2.392s] DEBUG:colcon.colcon_core.event_handler.log_command:Invoked command in '/home/justin/abb_project/build/abb_package' returned '0': CMAKE_PREFIX_PATH=/home/justin/ros2_ws/install/wailord_cv:/opt/ros/humble:/opt/ros/iron CONDA_PROMPT_MODIFIER=(base) /usr/bin/cmake /home/justin/abb_project/src/abb_package -DCMAKE_INSTALL_PREFIX=/home/justin/abb_project/install/abb_package
[2.394s] DEBUG:colcon.colcon_core.event_handler.log_command:Invoking command in '/home/justin/abb_project/build/abb_package': CMAKE_PREFIX_PATH=/home/justin/ros2_ws/install/wailord_cv:/opt/ros/humble:/opt/ros/iron CONDA_PROMPT_MODIFIER=(base) /usr/bin/cmake --build /home/justin/abb_project/build/abb_package -- -j12 -l12
[7.049s] DEBUG:colcon.colcon_core.event_handler.log_command:Invoked command in '/home/justin/abb_project/build/abb_package' returned '0': CMAKE_PREFIX_PATH=/home/justin/ros2_ws/install/wailord_cv:/opt/ros/humble:/opt/ros/iron CONDA_PROMPT_MODIFIER=(base) /usr/bin/cmake --build /home/justin/abb_project/build/abb_package -- -j12 -l12
[7.078s] DEBUG:colcon.colcon_core.event_handler.log_command:Invoking command in '/home/justin/abb_project/build/abb_package': CMAKE_PREFIX_PATH=/home/justin/ros2_ws/install/wailord_cv:/opt/ros/humble:/opt/ros/iron CONDA_PROMPT_MODIFIER=(base) /usr/bin/cmake --install /home/justin/abb_project/build/abb_package
[7.090s] Level 1:colcon.colcon_core.environment:create_environment_scripts_only(abb_package)
[7.090s] DEBUG:colcon.colcon_core.event_handler.log_command:Invoked command in '/home/justin/abb_project/build/abb_package' returned '0': CMAKE_PREFIX_PATH=/home/justin/ros2_ws/install/wailord_cv:/opt/ros/humble:/opt/ros/iron CONDA_PROMPT_MODIFIER=(base) /usr/bin/cmake --install /home/justin/abb_project/build/abb_package
[7.095s] Level 1:colcon.colcon_core.environment:checking '/home/justin/abb_project/install/abb_package' for CMake module files
[7.095s] Level 1:colcon.colcon_core.environment:checking '/home/justin/abb_project/install/abb_package' for CMake config files
[7.096s] Level 1:colcon.colcon_core.shell:create_environment_hook('abb_package', 'cmake_prefix_path')
[7.096s] INFO:colcon.colcon_core.shell:Creating environment hook '/home/justin/abb_project/install/abb_package/share/abb_package/hook/cmake_prefix_path.ps1'
[7.097s] INFO:colcon.colcon_core.shell:Creating environment descriptor '/home/justin/abb_project/install/abb_package/share/abb_package/hook/cmake_prefix_path.dsv'
[7.098s] INFO:colcon.colcon_core.shell:Creating environment hook '/home/justin/abb_project/install/abb_package/share/abb_package/hook/cmake_prefix_path.sh'
[7.099s] Level 1:colcon.colcon_core.environment:checking '/home/justin/abb_project/install/abb_package/lib'
[7.099s] Level 1:colcon.colcon_core.environment:checking '/home/justin/abb_project/install/abb_package/bin'
[7.099s] Level 1:colcon.colcon_core.environment:checking '/home/justin/abb_project/install/abb_package/lib/pkgconfig/abb_package.pc'
[7.100s] Level 1:colcon.colcon_core.environment:checking '/home/justin/abb_project/install/abb_package/lib/python3.10/site-packages'
[7.100s] Level 1:colcon.colcon_core.environment:checking '/home/justin/abb_project/install/abb_package/bin'
[7.100s] INFO:colcon.colcon_core.shell:Creating package script '/home/justin/abb_project/install/abb_package/share/abb_package/package.ps1'
[7.102s] INFO:colcon.colcon_core.shell:Creating package descriptor '/home/justin/abb_project/install/abb_package/share/abb_package/package.dsv'
[7.103s] INFO:colcon.colcon_core.shell:Creating package script '/home/justin/abb_project/install/abb_package/share/abb_package/package.sh'
[7.104s] INFO:colcon.colcon_core.shell:Creating package script '/home/justin/abb_project/install/abb_package/share/abb_package/package.bash'
[7.105s] INFO:colcon.colcon_core.shell:Creating package script '/home/justin/abb_project/install/abb_package/share/abb_package/package.zsh'
[7.106s] Level 1:colcon.colcon_core.environment:create_file_with_runtime_dependencies(/home/justin/abb_project/install/abb_package/share/colcon-core/packages/abb_package)
[7.128s] Level 1:colcon.colcon_core.environment:create_environment_scripts_only(abb_package)
[7.128s] Level 1:colcon.colcon_core.environment:checking '/home/justin/abb_project/install/abb_package' for CMake module files
[7.129s] Level 1:colcon.colcon_core.environment:checking '/home/justin/abb_project/install/abb_package' for CMake config files
[7.129s] Level 1:colcon.colcon_core.shell:create_environment_hook('abb_package', 'cmake_prefix_path')
[7.130s] INFO:colcon.colcon_core.shell:Creating environment hook '/home/justin/abb_project/install/abb_package/share/abb_package/hook/cmake_prefix_path.ps1'
[7.130s] INFO:colcon.colcon_core.shell:Creating environment descriptor '/home/justin/abb_project/install/abb_package/share/abb_package/hook/cmake_prefix_path.dsv'
[7.131s] INFO:colcon.colcon_core.shell:Creating environment hook '/home/justin/abb_project/install/abb_package/share/abb_package/hook/cmake_prefix_path.sh'
[7.131s] Level 1:colcon.colcon_core.environment:checking '/home/justin/abb_project/install/abb_package/lib'
[7.131s] Level 1:colcon.colcon_core.environment:checking '/home/justin/abb_project/install/abb_package/bin'
[7.131s] Level 1:colcon.colcon_core.environment:checking '/home/justin/abb_project/install/abb_package/lib/pkgconfig/abb_package.pc'
[7.132s] Level 1:colcon.colcon_core.environment:checking '/home/justin/abb_project/install/abb_package/lib/python3.10/site-packages'
[7.132s] Level 1:colcon.colcon_core.environment:checking '/home/justin/abb_project/install/abb_package/bin'
[7.132s] INFO:colcon.colcon_core.shell:Creating package script '/home/justin/abb_project/install/abb_package/share/abb_package/package.ps1'
[7.133s] INFO:colcon.colcon_core.shell:Creating package descriptor '/home/justin/abb_project/install/abb_package/share/abb_package/package.dsv'
[7.134s] INFO:colcon.colcon_core.shell:Creating package script '/home/justin/abb_project/install/abb_package/share/abb_package/package.sh'
[7.134s] INFO:colcon.colcon_core.shell:Creating package script '/home/justin/abb_project/install/abb_package/share/abb_package/package.bash'
[7.135s] INFO:colcon.colcon_core.shell:Creating package script '/home/justin/abb_project/install/abb_package/share/abb_package/package.zsh'
[7.135s] Level 1:colcon.colcon_core.environment:create_file_with_runtime_dependencies(/home/justin/abb_project/install/abb_package/share/colcon-core/packages/abb_package)
[7.135s] DEBUG:colcon.colcon_parallel_executor.executor.parallel:closing loop
[7.136s] DEBUG:colcon.colcon_parallel_executor.executor.parallel:loop closed
[7.136s] DEBUG:colcon.colcon_parallel_executor.executor.parallel:run_until_complete finished with '0'
[7.136s] DEBUG:colcon.colcon_core.event_reactor:joining thread
[7.143s] INFO:colcon.colcon_core.plugin_system:Skipping extension 'colcon_notification.desktop_notification.notify_send': Could not find 'notify-send'
[7.144s] INFO:colcon.colcon_core.plugin_system:Skipping extension 'colcon_notification.desktop_notification.terminal_notifier': Not used on non-Darwin systems
[7.144s] INFO:colcon.colcon_core.plugin_system:Skipping extension 'colcon_notification.desktop_notification.win32': Not used on non-Windows systems
[7.144s] INFO:colcon.colcon_notification.desktop_notification:Sending desktop notification using 'notify2'
[7.171s] DEBUG:colcon.colcon_core.event_reactor:joined thread
[7.171s] INFO:colcon.colcon_core.shell:Creating prefix script '/home/justin/abb_project/install/local_setup.ps1'
[7.173s] INFO:colcon.colcon_core.shell:Creating prefix util module '/home/justin/abb_project/install/_local_setup_util_ps1.py'
[7.174s] INFO:colcon.colcon_core.shell:Creating prefix chain script '/home/justin/abb_project/install/setup.ps1'
[7.175s] INFO:colcon.colcon_core.shell:Creating prefix script '/home/justin/abb_project/install/local_setup.sh'
[7.176s] INFO:colcon.colcon_core.shell:Creating prefix util module '/home/justin/abb_project/install/_local_setup_util_sh.py'
[7.177s] INFO:colcon.colcon_core.shell:Creating prefix chain script '/home/justin/abb_project/install/setup.sh'
[7.178s] INFO:colcon.colcon_core.shell:Creating prefix script '/home/justin/abb_project/install/local_setup.bash'
[7.179s] INFO:colcon.colcon_core.shell:Creating prefix chain script '/home/justin/abb_project/install/setup.bash'
[7.180s] INFO:colcon.colcon_core.shell:Creating prefix script '/home/justin/abb_project/install/local_setup.zsh'
[7.180s] INFO:colcon.colcon_core.shell:Creating prefix chain script '/home/justin/abb_project/install/setup.zsh'
