[ 50%] [32mBuilding CXX object CMakeFiles/abb_node.dir/src/abb_node.cpp.o[0m
[01m[K/home/justin/abb_project/src/abb_package/src/abb_node.cpp:[m[K In member function ‘[01m[Kvoid abbRobot::jointCallback()[m[K’:
[01m[K/home/justin/abb_project/src/abb_package/src/abb_node.cpp:64:24:[m[K [01;35m[Kwarning: [m[Kcomparison of integer expressions of different signedness: ‘[01m[Kint[m[K’ and ‘[01m[Kstd::vector<std::vector<double, std::allocator<double> > >::size_type[m[K’ {aka ‘[01m[Klong unsigned int[m[K’} [[01;35m[K]8;;https://gcc.gnu.org/onlinedocs/gcc/Warning-Options.html#index-Wsign-compare-Wsign-compare]8;;[m[K]
   64 |       if ([01;35m[Kcurrent_step >= square_path.size()[m[K) {
      |           [01;35m[K~~~~~~~~~~~~~^~~~~~~~~~~~~~~~~~~~~[m[K
[100%] [32m[1mLinking CXX executable abb_node[0m
[100%] Built target abb_node
-- Install configuration: ""
-- Execute custom install script
-- Up-to-date symlink: /home/justin/abb_project/install/abb_package/lib/abb_package/abb_node
-- Up-to-date symlink: /home/justin/abb_project/install/abb_package/share/ament_index/resource_index/package_run_dependencies/abb_package
-- Up-to-date symlink: /home/justin/abb_project/install/abb_package/share/ament_index/resource_index/parent_prefix_path/abb_package
-- Up-to-date symlink: /home/justin/abb_project/install/abb_package/share/abb_package/environment/ament_prefix_path.sh
-- Up-to-date symlink: /home/justin/abb_project/install/abb_package/share/abb_package/environment/ament_prefix_path.dsv
-- Up-to-date symlink: /home/justin/abb_project/install/abb_package/share/abb_package/environment/path.sh
-- Up-to-date symlink: /home/justin/abb_project/install/abb_package/share/abb_package/environment/path.dsv
-- Up-to-date symlink: /home/justin/abb_project/install/abb_package/share/abb_package/local_setup.bash
-- Up-to-date symlink: /home/justin/abb_project/install/abb_package/share/abb_package/local_setup.sh
-- Up-to-date symlink: /home/justin/abb_project/install/abb_package/share/abb_package/local_setup.zsh
-- Up-to-date symlink: /home/justin/abb_project/install/abb_package/share/abb_package/local_setup.dsv
-- Symlinking: /home/justin/abb_project/install/abb_package/share/abb_package/package.dsv
-- Up-to-date symlink: /home/justin/abb_project/install/abb_package/share/ament_index/resource_index/packages/abb_package
-- Up-to-date symlink: /home/justin/abb_project/install/abb_package/share/abb_package/cmake/abb_packageConfig.cmake
-- Up-to-date symlink: /home/justin/abb_project/install/abb_package/share/abb_package/cmake/abb_packageConfig-version.cmake
-- Up-to-date symlink: /home/justin/abb_project/install/abb_package/share/abb_package/package.xml
