-- The C compiler identification is GNU 11.4.0
-- The CXX compiler identification is GNU 11.4.0
-- Detecting C compiler ABI info
-- Detecting C compiler ABI info - done
-- Check for working C compiler: /usr/bin/cc - skipped
-- Detecting C compile features
-- Detecting C compile features - done
-- Detecting CXX compiler ABI info
-- Detecting CXX compiler ABI info - done
-- Check for working CXX compiler: /usr/bin/c++ - skipped
-- Detecting CXX compile features
-- Detecting CXX compile features - done
-- Found ament_cmake: 1.3.10 (/opt/ros/humble/share/ament_cmake/cmake)
-- Found Python3: /home/justin/anaconda3/bin/python3 (found version "3.11.5") found components: Interpreter 
-- Found rclcpp: 16.0.10 (/opt/ros/humble/share/rclcpp/cmake)
-- Found rosidl_generator_c: 3.1.5 (/opt/ros/humble/share/rosidl_generator_c/cmake)
-- Found rosidl_adapter: 3.1.5 (/opt/ros/humble/share/rosidl_adapter/cmake)
-- Found rosidl_generator_cpp: 3.1.5 (/opt/ros/humble/share/rosidl_generator_cpp/cmake)
-- Using all available rosidl_typesupport_c: rosidl_typesupport_fastrtps_c;rosidl_typesupport_introspection_c
-- Using all available rosidl_typesupport_cpp: rosidl_typesupport_fastrtps_cpp;rosidl_typesupport_introspection_cpp
-- Found rmw_implementation_cmake: 6.1.2 (/opt/ros/humble/share/rmw_implementation_cmake/cmake)
-- Found rmw_fastrtps_cpp: 6.2.7 (/opt/ros/humble/share/rmw_fastrtps_cpp/cmake)
-- Found OpenSSL: /usr/lib/x86_64-linux-gnu/libcrypto.so (found version "3.0.2")  
-- Found FastRTPS: /opt/ros/humble/include  
-- Using RMW implementation 'rmw_fastrtps_cpp' as default
-- Looking for pthread.h
-- Looking for pthread.h - found
-- Performing Test CMAKE_HAVE_LIBC_PTHREAD
-- Performing Test CMAKE_HAVE_LIBC_PTHREAD - Success
-- Found Threads: TRUE  
-- Found sensor_msgs: 4.2.4 (/opt/ros/humble/share/sensor_msgs/cmake)
-- Found ament_lint_auto: 0.12.11 (/opt/ros/humble/share/ament_lint_auto/cmake)
-- Added test 'cppcheck' to perform static code analysis on C / C++ code
-- Configured cppcheck include dirs: $<BUILD_INTERFACE:/home/justin/abb_project/src/abb_package/include>
-- Configured cppcheck exclude dirs and/or files: 
-- Added test 'lint_cmake' to check CMake code style
-- Added test 'uncrustify' to check C / C++ code style
-- Configured uncrustify additional arguments: 
-- Added test 'xmllint' to check XML markup files
-- Configuring done
-- Generating done
-- Build files have been written to: /home/justin/abb_project/build/abb_package
[ 50%] [32mBuilding CXX object CMakeFiles/abb_node.dir/src/abb_node.cpp.o[0m
[100%] [32m[1mLinking CXX executable abb_node[0m
[100%] Built target abb_node
-- Install configuration: ""
-- Installing: /home/justin/abb_project/install/abb_package/lib/abb_package/abb_node
-- Set runtime path of "/home/justin/abb_project/install/abb_package/lib/abb_package/abb_node" to ""
-- Installing: /home/justin/abb_project/install/abb_package/share/ament_index/resource_index/package_run_dependencies/abb_package
-- Installing: /home/justin/abb_project/install/abb_package/share/ament_index/resource_index/parent_prefix_path/abb_package
-- Installing: /home/justin/abb_project/install/abb_package/share/abb_package/environment/ament_prefix_path.sh
-- Installing: /home/justin/abb_project/install/abb_package/share/abb_package/environment/ament_prefix_path.dsv
-- Installing: /home/justin/abb_project/install/abb_package/share/abb_package/environment/path.sh
-- Installing: /home/justin/abb_project/install/abb_package/share/abb_package/environment/path.dsv
-- Installing: /home/justin/abb_project/install/abb_package/share/abb_package/local_setup.bash
-- Installing: /home/justin/abb_project/install/abb_package/share/abb_package/local_setup.sh
-- Installing: /home/justin/abb_project/install/abb_package/share/abb_package/local_setup.zsh
-- Installing: /home/justin/abb_project/install/abb_package/share/abb_package/local_setup.dsv
-- Installing: /home/justin/abb_project/install/abb_package/share/abb_package/package.dsv
-- Installing: /home/justin/abb_project/install/abb_package/share/ament_index/resource_index/packages/abb_package
-- Installing: /home/justin/abb_project/install/abb_package/share/abb_package/cmake/abb_packageConfig.cmake
-- Installing: /home/justin/abb_project/install/abb_package/share/abb_package/cmake/abb_packageConfig-version.cmake
-- Installing: /home/justin/abb_project/install/abb_package/share/abb_package/package.xml
