[0.011s] Invoking command in '/home/justin/abb_project/build/abb_package': CMAKE_PREFIX_PATH=/home/justin/ros2_ws/install/wailord_cv:/opt/ros/humble:/opt/ros/iron CONDA_PROMPT_MODIFIER=(base) /usr/bin/cmake /home/justin/abb_project/src/abb_package -DCMAKE_INSTALL_PREFIX=/home/justin/abb_project/install/abb_package
[0.116s] -- The C compiler identification is GNU 11.4.0
[0.195s] -- The CXX compiler identification is GNU 11.4.0
[0.208s] -- Detecting C compiler ABI info
[0.279s] -- Detecting C compiler ABI info - done
[0.287s] -- Check for working C compiler: /usr/bin/cc - skipped
[0.287s] -- Detecting C compile features
[0.287s] -- Detecting C compile features - done
[0.291s] -- Detecting CXX compiler ABI info
[0.369s] -- Detecting CXX compiler ABI info - done
[0.377s] -- Check for working CXX compiler: /usr/bin/c++ - skipped
[0.378s] -- Detecting CXX compile features
[0.378s] -- Detecting CXX compile features - done
[0.387s] -- Found ament_cmake: 1.3.10 (/opt/ros/humble/share/ament_cmake/cmake)
[0.806s] -- Found Python3: /home/justin/anaconda3/bin/python3 (found version "3.11.5") found components: Interpreter 
[0.924s] -- Found rclcpp: 16.0.10 (/opt/ros/humble/share/rclcpp/cmake)
[0.975s] -- Found rosidl_generator_c: 3.1.5 (/opt/ros/humble/share/rosidl_generator_c/cmake)
[0.983s] -- Found rosidl_adapter: 3.1.5 (/opt/ros/humble/share/rosidl_adapter/cmake)
[0.996s] -- Found rosidl_generator_cpp: 3.1.5 (/opt/ros/humble/share/rosidl_generator_cpp/cmake)
[1.016s] -- Using all available rosidl_typesupport_c: rosidl_typesupport_fastrtps_c;rosidl_typesupport_introspection_c
[1.043s] -- Using all available rosidl_typesupport_cpp: rosidl_typesupport_fastrtps_cpp;rosidl_typesupport_introspection_cpp
[1.111s] -- Found rmw_implementation_cmake: 6.1.2 (/opt/ros/humble/share/rmw_implementation_cmake/cmake)
[1.115s] -- Found rmw_fastrtps_cpp: 6.2.7 (/opt/ros/humble/share/rmw_fastrtps_cpp/cmake)
[1.208s] -- Found OpenSSL: /usr/lib/x86_64-linux-gnu/libcrypto.so (found version "3.0.2")  
[1.244s] -- Found FastRTPS: /opt/ros/humble/include  
[1.315s] -- Using RMW implementation 'rmw_fastrtps_cpp' as default
[1.328s] -- Looking for pthread.h
[1.394s] -- Looking for pthread.h - found
[1.394s] -- Performing Test CMAKE_HAVE_LIBC_PTHREAD
[1.469s] -- Performing Test CMAKE_HAVE_LIBC_PTHREAD - Success
[1.470s] -- Found Threads: TRUE  
[1.559s] -- Found sensor_msgs: 4.2.4 (/opt/ros/humble/share/sensor_msgs/cmake)
[1.602s] -- Found ament_lint_auto: 0.12.11 (/opt/ros/humble/share/ament_lint_auto/cmake)
[1.723s] -- Added test 'cppcheck' to perform static code analysis on C / C++ code
[1.723s] -- Configured cppcheck include dirs: $<BUILD_INTERFACE:/home/justin/abb_project/src/abb_package/include>
[1.724s] -- Configured cppcheck exclude dirs and/or files: 
[1.724s] -- Added test 'lint_cmake' to check CMake code style
[1.725s] -- Added test 'uncrustify' to check C / C++ code style
[1.725s] -- Configured uncrustify additional arguments: 
[1.726s] -- Added test 'xmllint' to check XML markup files
[1.727s] -- Configuring done
[1.741s] -- Generating done
[1.743s] -- Build files have been written to: /home/justin/abb_project/build/abb_package
[1.755s] Invoked command in '/home/justin/abb_project/build/abb_package' returned '0': CMAKE_PREFIX_PATH=/home/justin/ros2_ws/install/wailord_cv:/opt/ros/humble:/opt/ros/iron CONDA_PROMPT_MODIFIER=(base) /usr/bin/cmake /home/justin/abb_project/src/abb_package -DCMAKE_INSTALL_PREFIX=/home/justin/abb_project/install/abb_package
[1.756s] Invoking command in '/home/justin/abb_project/build/abb_package': CMAKE_PREFIX_PATH=/home/justin/ros2_ws/install/wailord_cv:/opt/ros/humble:/opt/ros/iron CONDA_PROMPT_MODIFIER=(base) /usr/bin/cmake --build /home/justin/abb_project/build/abb_package -- -j12 -l12
[1.803s] [ 50%] [32mBuilding CXX object CMakeFiles/abb_node.dir/src/abb_node.cpp.o[0m
[6.179s] [100%] [32m[1mLinking CXX executable abb_node[0m
[6.400s] [100%] Built target abb_node
[6.411s] Invoked command in '/home/justin/abb_project/build/abb_package' returned '0': CMAKE_PREFIX_PATH=/home/justin/ros2_ws/install/wailord_cv:/opt/ros/humble:/opt/ros/iron CONDA_PROMPT_MODIFIER=(base) /usr/bin/cmake --build /home/justin/abb_project/build/abb_package -- -j12 -l12
[6.440s] Invoking command in '/home/justin/abb_project/build/abb_package': CMAKE_PREFIX_PATH=/home/justin/ros2_ws/install/wailord_cv:/opt/ros/humble:/opt/ros/iron CONDA_PROMPT_MODIFIER=(base) /usr/bin/cmake --install /home/justin/abb_project/build/abb_package
[6.448s] -- Install configuration: ""
[6.448s] -- Installing: /home/justin/abb_project/install/abb_package/lib/abb_package/abb_node
[6.449s] -- Set runtime path of "/home/justin/abb_project/install/abb_package/lib/abb_package/abb_node" to ""
[6.449s] -- Installing: /home/justin/abb_project/install/abb_package/share/ament_index/resource_index/package_run_dependencies/abb_package
[6.449s] -- Installing: /home/justin/abb_project/install/abb_package/share/ament_index/resource_index/parent_prefix_path/abb_package
[6.449s] -- Installing: /home/justin/abb_project/install/abb_package/share/abb_package/environment/ament_prefix_path.sh
[6.449s] -- Installing: /home/justin/abb_project/install/abb_package/share/abb_package/environment/ament_prefix_path.dsv
[6.449s] -- Installing: /home/justin/abb_project/install/abb_package/share/abb_package/environment/path.sh
[6.450s] -- Installing: /home/justin/abb_project/install/abb_package/share/abb_package/environment/path.dsv
[6.450s] -- Installing: /home/justin/abb_project/install/abb_package/share/abb_package/local_setup.bash
[6.450s] -- Installing: /home/justin/abb_project/install/abb_package/share/abb_package/local_setup.sh
[6.450s] -- Installing: /home/justin/abb_project/install/abb_package/share/abb_package/local_setup.zsh
[6.450s] -- Installing: /home/justin/abb_project/install/abb_package/share/abb_package/local_setup.dsv
[6.450s] -- Installing: /home/justin/abb_project/install/abb_package/share/abb_package/package.dsv
[6.450s] -- Installing: /home/justin/abb_project/install/abb_package/share/ament_index/resource_index/packages/abb_package
[6.450s] -- Installing: /home/justin/abb_project/install/abb_package/share/abb_package/cmake/abb_packageConfig.cmake
[6.450s] -- Installing: /home/justin/abb_project/install/abb_package/share/abb_package/cmake/abb_packageConfig-version.cmake
[6.451s] -- Installing: /home/justin/abb_project/install/abb_package/share/abb_package/package.xml
[6.453s] Invoked command in '/home/justin/abb_project/build/abb_package' returned '0': CMAKE_PREFIX_PATH=/home/justin/ros2_ws/install/wailord_cv:/opt/ros/humble:/opt/ros/iron CONDA_PROMPT_MODIFIER=(base) /usr/bin/cmake --install /home/justin/abb_project/build/abb_package
