[ 50%] [32mBuilding CXX object CMakeFiles/abb_node.dir/src/abb_node.cpp.o[0m
[100%] [32m[1mLinking CXX executable abb_node[0m
[100%] Built target abb_node
-- Install configuration: ""
-- Installing: /home/justin/abb_project/install/abb_package/lib/abb_package/abb_node
-- Set runtime path of "/home/justin/abb_project/install/abb_package/lib/abb_package/abb_node" to ""
-- Up-to-date: /home/justin/abb_project/install/abb_package/share/ament_index/resource_index/package_run_dependencies/abb_package
-- Up-to-date: /home/justin/abb_project/install/abb_package/share/ament_index/resource_index/parent_prefix_path/abb_package
-- Up-to-date: /home/justin/abb_project/install/abb_package/share/abb_package/environment/ament_prefix_path.sh
-- Up-to-date: /home/justin/abb_project/install/abb_package/share/abb_package/environment/ament_prefix_path.dsv
-- Up-to-date: /home/justin/abb_project/install/abb_package/share/abb_package/environment/path.sh
-- Up-to-date: /home/justin/abb_project/install/abb_package/share/abb_package/environment/path.dsv
-- Up-to-date: /home/justin/abb_project/install/abb_package/share/abb_package/local_setup.bash
-- Up-to-date: /home/justin/abb_project/install/abb_package/share/abb_package/local_setup.sh
-- Up-to-date: /home/justin/abb_project/install/abb_package/share/abb_package/local_setup.zsh
-- Up-to-date: /home/justin/abb_project/install/abb_package/share/abb_package/local_setup.dsv
-- Installing: /home/justin/abb_project/install/abb_package/share/abb_package/package.dsv
-- Up-to-date: /home/justin/abb_project/install/abb_package/share/ament_index/resource_index/packages/abb_package
-- Up-to-date: /home/justin/abb_project/install/abb_package/share/abb_package/cmake/abb_packageConfig.cmake
-- Up-to-date: /home/justin/abb_project/install/abb_package/share/abb_package/cmake/abb_packageConfig-version.cmake
-- Up-to-date: /home/justin/abb_project/install/abb_package/share/abb_package/package.xml
