[0.013s] Invoking command in '/home/justin/abb_project/build/abb_package': CMAKE_PREFIX_PATH=${CMAKE_PREFIX_PATH}:/home/justin/ros2_ws/install/wailord_cv:/opt/ros/humble:/opt/ros/iron CONDA_PROMPT_MODIFIER=(base) /usr/bin/cmake --build /home/justin/abb_project/build/abb_package -- -j12 -l12
[0.068s] [ 50%] [32mBuilding CXX object CMakeFiles/abb_node.dir/src/abb_node.cpp.o[0m
[4.995s] [100%] [32m[1mLinking CXX executable abb_node[0m
[5.295s] [100%] Built target abb_node
[5.307s] Invoked command in '/home/justin/abb_project/build/abb_package' returned '0': CMAKE_PREFIX_PATH=${CMAKE_PREFIX_PATH}:/home/justin/ros2_ws/install/wailord_cv:/opt/ros/humble:/opt/ros/iron CONDA_PROMPT_MODIFIER=(base) /usr/bin/cmake --build /home/justin/abb_project/build/abb_package -- -j12 -l12
[5.348s] Invoking command in '/home/justin/abb_project/build/abb_package': CMAKE_PREFIX_PATH=${CMAKE_PREFIX_PATH}:/home/justin/ros2_ws/install/wailord_cv:/opt/ros/humble:/opt/ros/iron CONDA_PROMPT_MODIFIER=(base) /usr/bin/cmake --install /home/justin/abb_project/build/abb_package
[5.355s] -- Install configuration: ""
[5.355s] -- Installing: /home/justin/abb_project/install/abb_package/lib/abb_package/abb_node
[5.357s] -- Set runtime path of "/home/justin/abb_project/install/abb_package/lib/abb_package/abb_node" to ""
[5.357s] -- Up-to-date: /home/justin/abb_project/install/abb_package/share/ament_index/resource_index/package_run_dependencies/abb_package
[5.357s] -- Up-to-date: /home/justin/abb_project/install/abb_package/share/ament_index/resource_index/parent_prefix_path/abb_package
[5.358s] -- Up-to-date: /home/justin/abb_project/install/abb_package/share/abb_package/environment/ament_prefix_path.sh
[5.358s] -- Up-to-date: /home/justin/abb_project/install/abb_package/share/abb_package/environment/ament_prefix_path.dsv
[5.358s] -- Up-to-date: /home/justin/abb_project/install/abb_package/share/abb_package/environment/path.sh
[5.358s] -- Up-to-date: /home/justin/abb_project/install/abb_package/share/abb_package/environment/path.dsv
[5.358s] -- Up-to-date: /home/justin/abb_project/install/abb_package/share/abb_package/local_setup.bash
[5.358s] -- Up-to-date: /home/justin/abb_project/install/abb_package/share/abb_package/local_setup.sh
[5.358s] -- Up-to-date: /home/justin/abb_project/install/abb_package/share/abb_package/local_setup.zsh
[5.359s] -- Up-to-date: /home/justin/abb_project/install/abb_package/share/abb_package/local_setup.dsv
[5.359s] -- Installing: /home/justin/abb_project/install/abb_package/share/abb_package/package.dsv
[5.359s] -- Up-to-date: /home/justin/abb_project/install/abb_package/share/ament_index/resource_index/packages/abb_package
[5.359s] -- Up-to-date: /home/justin/abb_project/install/abb_package/share/abb_package/cmake/abb_packageConfig.cmake
[5.359s] -- Up-to-date: /home/justin/abb_project/install/abb_package/share/abb_package/cmake/abb_packageConfig-version.cmake
[5.359s] -- Up-to-date: /home/justin/abb_project/install/abb_package/share/abb_package/package.xml
[5.361s] Invoked command in '/home/justin/abb_project/build/abb_package' returned '0': CMAKE_PREFIX_PATH=${CMAKE_PREFIX_PATH}:/home/justin/ros2_ws/install/wailord_cv:/opt/ros/humble:/opt/ros/iron CONDA_PROMPT_MODIFIER=(base) /usr/bin/cmake --install /home/justin/abb_project/build/abb_package
