[0.125s] DEBUG:colcon:Command line arguments: ['/usr/bin/colcon', 'build']
[0.125s] DEBUG:colcon:Parsed command line arguments: Namespace(log_base=None, log_level=None, verb_name='build', build_base='build', install_base='install', merge_install=False, symlink_install=False, test_result_base=None, continue_on_error=False, executor='parallel', parallel_workers=12, event_handlers=None, ignore_user_meta=False, metas=['./colcon.meta'], base_paths=['.'], packages_ignore=None, packages_ignore_regex=None, paths=None, packages_up_to=None, packages_up_to_regex=None, packages_above=None, packages_above_and_dependencies=None, packages_above_depth=None, packages_select_by_dep=None, packages_skip_by_dep=None, packages_skip_up_to=None, packages_select_build_failed=False, packages_skip_build_finished=False, packages_select_test_failures=False, packages_skip_test_passed=False, packages_select=None, packages_skip=None, packages_select_regex=None, packages_skip_regex=None, packages_start=None, packages_end=None, allow_overriding=[], cmake_args=None, cmake_target=None, cmake_target_skip_unavailable=False, cmake_clean_cache=False, cmake_clean_first=False, cmake_force_configure=False, ament_cmake_args=None, catkin_cmake_args=None, catkin_skip_building_tests=False, mixin_files=None, mixin=None, verb_parser=<colcon_mixin.mixin.mixin_argument.MixinArgumentDecorator object at 0x7f627f5d26e0>, verb_extension=<colcon_core.verb.build.BuildVerb object at 0x7f627f74ed70>, main=<bound method BuildVerb.main of <colcon_core.verb.build.BuildVerb object at 0x7f627f74ed70>>, mixin_verb=('build',))
[0.357s] Level 1:colcon.colcon_core.package_discovery:discover_packages(colcon_meta) check parameters
[0.357s] Level 1:colcon.colcon_core.package_discovery:discover_packages(recursive) check parameters
[0.357s] Level 1:colcon.colcon_core.package_discovery:discover_packages(ignore) check parameters
[0.357s] Level 1:colcon.colcon_core.package_discovery:discover_packages(path) check parameters
[0.357s] Level 1:colcon.colcon_core.package_discovery:discover_packages(colcon_meta) discover
[0.357s] Level 1:colcon.colcon_core.package_discovery:discover_packages(recursive) discover
[0.358s] INFO:colcon.colcon_core.package_discovery:Crawling recursively for packages in '/home/justin/abb_project'
[0.358s] Level 1:colcon.colcon_core.package_identification:_identify(.) by extensions ['ignore', 'ignore_ament_install']
[0.358s] Level 1:colcon.colcon_core.package_identification:_identify(.) by extension 'ignore'
[0.358s] Level 1:colcon.colcon_core.package_identification:_identify(.) by extension 'ignore_ament_install'
[0.358s] Level 1:colcon.colcon_core.package_identification:_identify(.) by extensions ['colcon_pkg']
[0.358s] Level 1:colcon.colcon_core.package_identification:_identify(.) by extension 'colcon_pkg'
[0.358s] Level 1:colcon.colcon_core.package_identification:_identify(.) by extensions ['colcon_meta']
[0.358s] Level 1:colcon.colcon_core.package_identification:_identify(.) by extension 'colcon_meta'
[0.358s] Level 1:colcon.colcon_core.package_identification:_identify(.) by extensions ['ros']
[0.358s] Level 1:colcon.colcon_core.package_identification:_identify(.) by extension 'ros'
[0.371s] Level 1:colcon.colcon_core.package_identification:_identify(.) by extensions ['cmake', 'python']
[0.371s] Level 1:colcon.colcon_core.package_identification:_identify(.) by extension 'cmake'
[0.371s] Level 1:colcon.colcon_core.package_identification:_identify(.) by extension 'python'
[0.371s] Level 1:colcon.colcon_core.package_identification:_identify(.) by extensions ['python_setup_py']
[0.371s] Level 1:colcon.colcon_core.package_identification:_identify(.) by extension 'python_setup_py'
[0.371s] Level 1:colcon.colcon_core.package_identification:_identify(build) by extensions ['ignore', 'ignore_ament_install']
[0.371s] Level 1:colcon.colcon_core.package_identification:_identify(build) by extension 'ignore'
[0.371s] Level 1:colcon.colcon_core.package_identification:_identify(build) ignored
[0.371s] Level 1:colcon.colcon_core.package_identification:_identify(install) by extensions ['ignore', 'ignore_ament_install']
[0.372s] Level 1:colcon.colcon_core.package_identification:_identify(install) by extension 'ignore'
[0.372s] Level 1:colcon.colcon_core.package_identification:_identify(install) ignored
[0.372s] Level 1:colcon.colcon_core.package_identification:_identify(log) by extensions ['ignore', 'ignore_ament_install']
[0.372s] Level 1:colcon.colcon_core.package_identification:_identify(log) by extension 'ignore'
[0.372s] Level 1:colcon.colcon_core.package_identification:_identify(log) ignored
[0.372s] Level 1:colcon.colcon_core.package_identification:_identify(src) by extensions ['ignore', 'ignore_ament_install']
[0.372s] Level 1:colcon.colcon_core.package_identification:_identify(src) by extension 'ignore'
[0.372s] Level 1:colcon.colcon_core.package_identification:_identify(src) by extension 'ignore_ament_install'
[0.372s] Level 1:colcon.colcon_core.package_identification:_identify(src) by extensions ['colcon_pkg']
[0.372s] Level 1:colcon.colcon_core.package_identification:_identify(src) by extension 'colcon_pkg'
[0.372s] Level 1:colcon.colcon_core.package_identification:_identify(src) by extensions ['colcon_meta']
[0.372s] Level 1:colcon.colcon_core.package_identification:_identify(src) by extension 'colcon_meta'
[0.372s] Level 1:colcon.colcon_core.package_identification:_identify(src) by extensions ['ros']
[0.372s] Level 1:colcon.colcon_core.package_identification:_identify(src) by extension 'ros'
[0.372s] Level 1:colcon.colcon_core.package_identification:_identify(src) by extensions ['cmake', 'python']
[0.373s] Level 1:colcon.colcon_core.package_identification:_identify(src) by extension 'cmake'
[0.373s] Level 1:colcon.colcon_core.package_identification:_identify(src) by extension 'python'
[0.373s] Level 1:colcon.colcon_core.package_identification:_identify(src) by extensions ['python_setup_py']
[0.373s] Level 1:colcon.colcon_core.package_identification:_identify(src) by extension 'python_setup_py'
[0.373s] Level 1:colcon.colcon_core.package_identification:_identify(src/abb_package) by extensions ['ignore', 'ignore_ament_install']
[0.373s] Level 1:colcon.colcon_core.package_identification:_identify(src/abb_package) by extension 'ignore'
[0.373s] Level 1:colcon.colcon_core.package_identification:_identify(src/abb_package) by extension 'ignore_ament_install'
[0.373s] Level 1:colcon.colcon_core.package_identification:_identify(src/abb_package) by extensions ['colcon_pkg']
[0.373s] Level 1:colcon.colcon_core.package_identification:_identify(src/abb_package) by extension 'colcon_pkg'
[0.373s] Level 1:colcon.colcon_core.package_identification:_identify(src/abb_package) by extensions ['colcon_meta']
[0.373s] Level 1:colcon.colcon_core.package_identification:_identify(src/abb_package) by extension 'colcon_meta'
[0.373s] Level 1:colcon.colcon_core.package_identification:_identify(src/abb_package) by extensions ['ros']
[0.373s] Level 1:colcon.colcon_core.package_identification:_identify(src/abb_package) by extension 'ros'
[0.377s] DEBUG:colcon.colcon_core.package_identification:Package 'src/abb_package' with type 'ros.ament_cmake' and name 'abb_package'
[0.377s] Level 1:colcon.colcon_core.package_discovery:discover_packages(recursive) using defaults
[0.377s] Level 1:colcon.colcon_core.package_discovery:discover_packages(ignore) discover
[0.377s] Level 1:colcon.colcon_core.package_discovery:discover_packages(ignore) using defaults
[0.377s] Level 1:colcon.colcon_core.package_discovery:discover_packages(path) discover
[0.377s] Level 1:colcon.colcon_core.package_discovery:discover_packages(path) using defaults
[0.413s] Level 1:colcon.colcon_core.package_discovery:discover_packages(prefix_path) check parameters
[0.413s] Level 1:colcon.colcon_core.package_discovery:discover_packages(prefix_path) discover
[0.415s] DEBUG:colcon.colcon_installed_package_information.package_discovery:Found 1 installed packages in /home/justin/abb_project/install
[0.415s] DEBUG:colcon.colcon_installed_package_information.package_discovery:Found 1 installed packages in /home/justin/ros2_ws/install
[0.417s] DEBUG:colcon.colcon_installed_package_information.package_discovery:Found 320 installed packages in /opt/ros/humble
[0.420s] DEBUG:colcon.colcon_installed_package_information.package_discovery:Found 285 installed packages in /opt/ros/iron
[0.432s] Level 1:colcon.colcon_core.package_discovery:discover_packages(prefix_path) using defaults
[0.525s] Level 5:colcon.colcon_core.verb:set package 'abb_package' build argument 'cmake_args' from command line to 'None'
[0.525s] Level 5:colcon.colcon_core.verb:set package 'abb_package' build argument 'cmake_target' from command line to 'None'
[0.525s] Level 5:colcon.colcon_core.verb:set package 'abb_package' build argument 'cmake_target_skip_unavailable' from command line to 'False'
[0.525s] Level 5:colcon.colcon_core.verb:set package 'abb_package' build argument 'cmake_clean_cache' from command line to 'False'
[0.525s] Level 5:colcon.colcon_core.verb:set package 'abb_package' build argument 'cmake_clean_first' from command line to 'False'
[0.525s] Level 5:colcon.colcon_core.verb:set package 'abb_package' build argument 'cmake_force_configure' from command line to 'False'
[0.525s] Level 5:colcon.colcon_core.verb:set package 'abb_package' build argument 'ament_cmake_args' from command line to 'None'
[0.525s] Level 5:colcon.colcon_core.verb:set package 'abb_package' build argument 'catkin_cmake_args' from command line to 'None'
[0.525s] Level 5:colcon.colcon_core.verb:set package 'abb_package' build argument 'catkin_skip_building_tests' from command line to 'False'
[0.525s] DEBUG:colcon.colcon_core.verb:Building package 'abb_package' with the following arguments: {'ament_cmake_args': None, 'build_base': '/home/justin/abb_project/build/abb_package', 'catkin_cmake_args': None, 'catkin_skip_building_tests': False, 'cmake_args': None, 'cmake_clean_cache': False, 'cmake_clean_first': False, 'cmake_force_configure': False, 'cmake_target': None, 'cmake_target_skip_unavailable': False, 'install_base': '/home/justin/abb_project/install/abb_package', 'merge_install': False, 'path': '/home/justin/abb_project/src/abb_package', 'symlink_install': False, 'test_result_base': None}
[0.526s] INFO:colcon.colcon_core.executor:Executing jobs using 'parallel' executor
[0.527s] DEBUG:colcon.colcon_parallel_executor.executor.parallel:run_until_complete
[0.527s] INFO:colcon.colcon_ros.task.ament_cmake.build:Building ROS package in '/home/justin/abb_project/src/abb_package' with build type 'ament_cmake'
[0.527s] INFO:colcon.colcon_cmake.task.cmake.build:Building CMake package in '/home/justin/abb_project/src/abb_package'
[0.529s] INFO:colcon.colcon_core.plugin_system:Skipping extension 'colcon_core.shell.bat': Not used on non-Windows systems
[0.529s] INFO:colcon.colcon_core.shell:Skip shell extension 'powershell' for command environment: Not usable outside of PowerShell
[0.529s] DEBUG:colcon.colcon_core.shell:Skip shell extension 'dsv' for command environment
[0.541s] DEBUG:colcon.colcon_core.event_handler.log_command:Invoking command in '/home/justin/abb_project/build/abb_package': CMAKE_PREFIX_PATH=${CMAKE_PREFIX_PATH}:/home/justin/ros2_ws/install/wailord_cv:/opt/ros/humble:/opt/ros/iron CONDA_PROMPT_MODIFIER=(base) /usr/bin/cmake --build /home/justin/abb_project/build/abb_package -- -j12 -l12
[6.341s] DEBUG:colcon.colcon_core.event_handler.log_command:Invoked command in '/home/justin/abb_project/build/abb_package' returned '0': CMAKE_PREFIX_PATH=${CMAKE_PREFIX_PATH}:/home/justin/ros2_ws/install/wailord_cv:/opt/ros/humble:/opt/ros/iron CONDA_PROMPT_MODIFIER=(base) /usr/bin/cmake --build /home/justin/abb_project/build/abb_package -- -j12 -l12
[6.370s] DEBUG:colcon.colcon_core.event_handler.log_command:Invoking command in '/home/justin/abb_project/build/abb_package': CMAKE_PREFIX_PATH=${CMAKE_PREFIX_PATH}:/home/justin/ros2_ws/install/wailord_cv:/opt/ros/humble:/opt/ros/iron CONDA_PROMPT_MODIFIER=(base) /usr/bin/cmake --install /home/justin/abb_project/build/abb_package
[6.392s] Level 1:colcon.colcon_core.environment:create_environment_scripts_only(abb_package)
[6.392s] DEBUG:colcon.colcon_core.event_handler.log_command:Invoked command in '/home/justin/abb_project/build/abb_package' returned '0': CMAKE_PREFIX_PATH=${CMAKE_PREFIX_PATH}:/home/justin/ros2_ws/install/wailord_cv:/opt/ros/humble:/opt/ros/iron CONDA_PROMPT_MODIFIER=(base) /usr/bin/cmake --install /home/justin/abb_project/build/abb_package
[6.395s] Level 1:colcon.colcon_core.environment:checking '/home/justin/abb_project/install/abb_package' for CMake module files
[6.395s] Level 1:colcon.colcon_core.environment:checking '/home/justin/abb_project/install/abb_package' for CMake config files
[6.396s] Level 1:colcon.colcon_core.shell:create_environment_hook('abb_package', 'cmake_prefix_path')
[6.396s] INFO:colcon.colcon_core.shell:Creating environment hook '/home/justin/abb_project/install/abb_package/share/abb_package/hook/cmake_prefix_path.ps1'
[6.396s] INFO:colcon.colcon_core.shell:Creating environment descriptor '/home/justin/abb_project/install/abb_package/share/abb_package/hook/cmake_prefix_path.dsv'
[6.397s] INFO:colcon.colcon_core.shell:Creating environment hook '/home/justin/abb_project/install/abb_package/share/abb_package/hook/cmake_prefix_path.sh'
[6.398s] Level 1:colcon.colcon_core.environment:checking '/home/justin/abb_project/install/abb_package/lib'
[6.398s] Level 1:colcon.colcon_core.environment:checking '/home/justin/abb_project/install/abb_package/bin'
[6.398s] Level 1:colcon.colcon_core.environment:checking '/home/justin/abb_project/install/abb_package/lib/pkgconfig/abb_package.pc'
[6.398s] Level 1:colcon.colcon_core.environment:checking '/home/justin/abb_project/install/abb_package/lib/python3.10/site-packages'
[6.398s] Level 1:colcon.colcon_core.environment:checking '/home/justin/abb_project/install/abb_package/bin'
[6.399s] INFO:colcon.colcon_core.shell:Creating package script '/home/justin/abb_project/install/abb_package/share/abb_package/package.ps1'
[6.400s] INFO:colcon.colcon_core.shell:Creating package descriptor '/home/justin/abb_project/install/abb_package/share/abb_package/package.dsv'
[6.401s] INFO:colcon.colcon_core.shell:Creating package script '/home/justin/abb_project/install/abb_package/share/abb_package/package.sh'
[6.402s] INFO:colcon.colcon_core.shell:Creating package script '/home/justin/abb_project/install/abb_package/share/abb_package/package.bash'
[6.403s] INFO:colcon.colcon_core.shell:Creating package script '/home/justin/abb_project/install/abb_package/share/abb_package/package.zsh'
[6.403s] Level 1:colcon.colcon_core.environment:create_file_with_runtime_dependencies(/home/justin/abb_project/install/abb_package/share/colcon-core/packages/abb_package)
[6.424s] Level 1:colcon.colcon_core.environment:create_environment_scripts_only(abb_package)
[6.424s] Level 1:colcon.colcon_core.environment:checking '/home/justin/abb_project/install/abb_package' for CMake module files
[6.425s] Level 1:colcon.colcon_core.environment:checking '/home/justin/abb_project/install/abb_package' for CMake config files
[6.425s] Level 1:colcon.colcon_core.shell:create_environment_hook('abb_package', 'cmake_prefix_path')
[6.425s] INFO:colcon.colcon_core.shell:Creating environment hook '/home/justin/abb_project/install/abb_package/share/abb_package/hook/cmake_prefix_path.ps1'
[6.426s] INFO:colcon.colcon_core.shell:Creating environment descriptor '/home/justin/abb_project/install/abb_package/share/abb_package/hook/cmake_prefix_path.dsv'
[6.426s] INFO:colcon.colcon_core.shell:Creating environment hook '/home/justin/abb_project/install/abb_package/share/abb_package/hook/cmake_prefix_path.sh'
[6.427s] Level 1:colcon.colcon_core.environment:checking '/home/justin/abb_project/install/abb_package/lib'
[6.427s] Level 1:colcon.colcon_core.environment:checking '/home/justin/abb_project/install/abb_package/bin'
[6.427s] Level 1:colcon.colcon_core.environment:checking '/home/justin/abb_project/install/abb_package/lib/pkgconfig/abb_package.pc'
[6.427s] Level 1:colcon.colcon_core.environment:checking '/home/justin/abb_project/install/abb_package/lib/python3.10/site-packages'
[6.427s] Level 1:colcon.colcon_core.environment:checking '/home/justin/abb_project/install/abb_package/bin'
[6.427s] INFO:colcon.colcon_core.shell:Creating package script '/home/justin/abb_project/install/abb_package/share/abb_package/package.ps1'
[6.428s] INFO:colcon.colcon_core.shell:Creating package descriptor '/home/justin/abb_project/install/abb_package/share/abb_package/package.dsv'
[6.429s] INFO:colcon.colcon_core.shell:Creating package script '/home/justin/abb_project/install/abb_package/share/abb_package/package.sh'
[6.429s] INFO:colcon.colcon_core.shell:Creating package script '/home/justin/abb_project/install/abb_package/share/abb_package/package.bash'
[6.429s] INFO:colcon.colcon_core.shell:Creating package script '/home/justin/abb_project/install/abb_package/share/abb_package/package.zsh'
[6.430s] Level 1:colcon.colcon_core.environment:create_file_with_runtime_dependencies(/home/justin/abb_project/install/abb_package/share/colcon-core/packages/abb_package)
[6.430s] DEBUG:colcon.colcon_parallel_executor.executor.parallel:closing loop
[6.430s] DEBUG:colcon.colcon_parallel_executor.executor.parallel:loop closed
[6.431s] DEBUG:colcon.colcon_parallel_executor.executor.parallel:run_until_complete finished with '0'
[6.431s] DEBUG:colcon.colcon_core.event_reactor:joining thread
[6.439s] INFO:colcon.colcon_core.plugin_system:Skipping extension 'colcon_notification.desktop_notification.notify_send': Could not find 'notify-send'
[6.439s] INFO:colcon.colcon_core.plugin_system:Skipping extension 'colcon_notification.desktop_notification.terminal_notifier': Not used on non-Darwin systems
[6.439s] INFO:colcon.colcon_core.plugin_system:Skipping extension 'colcon_notification.desktop_notification.win32': Not used on non-Windows systems
[6.440s] INFO:colcon.colcon_notification.desktop_notification:Sending desktop notification using 'notify2'
[6.473s] DEBUG:colcon.colcon_core.event_reactor:joined thread
[6.474s] INFO:colcon.colcon_core.shell:Creating prefix script '/home/justin/abb_project/install/local_setup.ps1'
[6.475s] INFO:colcon.colcon_core.shell:Creating prefix util module '/home/justin/abb_project/install/_local_setup_util_ps1.py'
[6.476s] INFO:colcon.colcon_core.shell:Creating prefix chain script '/home/justin/abb_project/install/setup.ps1'
[6.478s] INFO:colcon.colcon_core.shell:Creating prefix script '/home/justin/abb_project/install/local_setup.sh'
[6.479s] INFO:colcon.colcon_core.shell:Creating prefix util module '/home/justin/abb_project/install/_local_setup_util_sh.py'
[6.480s] INFO:colcon.colcon_core.shell:Creating prefix chain script '/home/justin/abb_project/install/setup.sh'
[6.482s] INFO:colcon.colcon_core.shell:Creating prefix script '/home/justin/abb_project/install/local_setup.bash'
[6.482s] INFO:colcon.colcon_core.shell:Creating prefix chain script '/home/justin/abb_project/install/setup.bash'
[6.484s] INFO:colcon.colcon_core.shell:Creating prefix script '/home/justin/abb_project/install/local_setup.zsh'
[6.484s] INFO:colcon.colcon_core.shell:Creating prefix chain script '/home/justin/abb_project/install/setup.zsh'
