[0.015s] Invoking command in '/home/justin/abb_project/build/abb_package': CMAKE_PREFIX_PATH=${CMAKE_PREFIX_PATH}:/home/justin/ros2_ws/install/wailord_cv:/opt/ros/humble:/opt/ros/iron CONDA_PROMPT_MODIFIER=(base) /usr/bin/cmake --build /home/justin/abb_project/build/abb_package -- -j12 -l12
[0.054s] [35m[1mConsolidate compiler generated dependencies of target abb_node[0m
[0.071s] [ 50%] [32mBuilding CXX object CMakeFiles/abb_node.dir/src/abb_node.cpp.o[0m
[2.995s] [01m[K/home/justin/abb_project/src/abb_package/src/abb_node.cpp:[m[K In member function ‘[01m[Kvoid abbRobot::jointCallback()[m[K’:
[2.995s] [01m[K/home/justin/abb_project/src/abb_package/src/abb_node.cpp:74:25:[m[K [01;35m[Kwarning: [m[Kcomparison of integer expressions of different signedness: ‘[01m[Kint[m[K’ and ‘[01m[Kstd::vector<std::vector<double, std::allocator<double> > >::size_type[m[K’ {aka ‘[01m[Klong unsigned int[m[K’} [[01;35m[K]8;;https://gcc.gnu.org/onlinedocs/gcc/Warning-Options.html#index-Wsign-compare-Wsign-compare]8;;[m[K]
[2.995s]    74 |       if ([01;35m[Kcurrent_point >= cube_path.size()[m[K) {
[2.995s]       |           [01;35m[K~~~~~~~~~~~~~~^~~~~~~~~~~~~~~~~~~[m[K
[5.542s] [100%] [32m[1mLinking CXX executable abb_node[0m
[5.774s] [100%] Built target abb_node
[5.784s] Invoked command in '/home/justin/abb_project/build/abb_package' returned '0': CMAKE_PREFIX_PATH=${CMAKE_PREFIX_PATH}:/home/justin/ros2_ws/install/wailord_cv:/opt/ros/humble:/opt/ros/iron CONDA_PROMPT_MODIFIER=(base) /usr/bin/cmake --build /home/justin/abb_project/build/abb_package -- -j12 -l12
[5.814s] Invoking command in '/home/justin/abb_project/build/abb_package': CMAKE_PREFIX_PATH=${CMAKE_PREFIX_PATH}:/home/justin/ros2_ws/install/wailord_cv:/opt/ros/humble:/opt/ros/iron CONDA_PROMPT_MODIFIER=(base) /usr/bin/cmake --install /home/justin/abb_project/build/abb_package
[5.822s] -- Install configuration: ""
[5.822s] -- Execute custom install script
[5.823s] -- Up-to-date symlink: /home/justin/abb_project/install/abb_package/lib/abb_package/abb_node
[5.823s] -- Up-to-date symlink: /home/justin/abb_project/install/abb_package/share/ament_index/resource_index/package_run_dependencies/abb_package
[5.823s] -- Up-to-date symlink: /home/justin/abb_project/install/abb_package/share/ament_index/resource_index/parent_prefix_path/abb_package
[5.823s] -- Up-to-date symlink: /home/justin/abb_project/install/abb_package/share/abb_package/environment/ament_prefix_path.sh
[5.823s] -- Up-to-date symlink: /home/justin/abb_project/install/abb_package/share/abb_package/environment/ament_prefix_path.dsv
[5.823s] -- Up-to-date symlink: /home/justin/abb_project/install/abb_package/share/abb_package/environment/path.sh
[5.823s] -- Up-to-date symlink: /home/justin/abb_project/install/abb_package/share/abb_package/environment/path.dsv
[5.824s] -- Up-to-date symlink: /home/justin/abb_project/install/abb_package/share/abb_package/local_setup.bash
[5.824s] -- Up-to-date symlink: /home/justin/abb_project/install/abb_package/share/abb_package/local_setup.sh
[5.824s] -- Up-to-date symlink: /home/justin/abb_project/install/abb_package/share/abb_package/local_setup.zsh
[5.824s] -- Up-to-date symlink: /home/justin/abb_project/install/abb_package/share/abb_package/local_setup.dsv
[5.824s] -- Symlinking: /home/justin/abb_project/install/abb_package/share/abb_package/package.dsv
[5.833s] -- Up-to-date symlink: /home/justin/abb_project/install/abb_package/share/ament_index/resource_index/packages/abb_package
[5.833s] -- Up-to-date symlink: /home/justin/abb_project/install/abb_package/share/abb_package/cmake/abb_packageConfig.cmake
[5.833s] -- Up-to-date symlink: /home/justin/abb_project/install/abb_package/share/abb_package/cmake/abb_packageConfig-version.cmake
[5.833s] -- Up-to-date symlink: /home/justin/abb_project/install/abb_package/share/abb_package/package.xml
[5.835s] Invoked command in '/home/justin/abb_project/build/abb_package' returned '0': CMAKE_PREFIX_PATH=${CMAKE_PREFIX_PATH}:/home/justin/ros2_ws/install/wailord_cv:/opt/ros/humble:/opt/ros/iron CONDA_PROMPT_MODIFIER=(base) /usr/bin/cmake --install /home/justin/abb_project/build/abb_package
