-- Found ament_cmake: 1.3.10 (/opt/ros/humble/share/ament_cmake/cmake)
-- Override CMake install command with custom implementation using symlinks instead of copying resources
-- Found rclcpp: 16.0.10 (/opt/ros/humble/share/rclcpp/cmake)
-- Found rosidl_generator_c: 3.1.5 (/opt/ros/humble/share/rosidl_generator_c/cmake)
-- Found rosidl_adapter: 3.1.5 (/opt/ros/humble/share/rosidl_adapter/cmake)
-- Found rosidl_generator_cpp: 3.1.5 (/opt/ros/humble/share/rosidl_generator_cpp/cmake)
-- Using all available rosidl_typesupport_c: rosidl_typesupport_fastrtps_c;rosidl_typesupport_introspection_c
-- Using all available rosidl_typesupport_cpp: rosidl_typesupport_fastrtps_cpp;rosidl_typesupport_introspection_cpp
-- Found rmw_implementation_cmake: 6.1.2 (/opt/ros/humble/share/rmw_implementation_cmake/cmake)
-- Found rmw_fastrtps_cpp: 6.2.7 (/opt/ros/humble/share/rmw_fastrtps_cpp/cmake)
-- Using RMW implementation 'rmw_fastrtps_cpp' as default
-- Found sensor_msgs: 4.2.4 (/opt/ros/humble/share/sensor_msgs/cmake)
-- Found ament_lint_auto: 0.12.11 (/opt/ros/humble/share/ament_lint_auto/cmake)
-- Added test 'cppcheck' to perform static code analysis on C / C++ code
-- Configured cppcheck include dirs: $<BUILD_INTERFACE:/home/justin/abb_project/src/abb_package/include>
-- Configured cppcheck exclude dirs and/or files: 
-- Added test 'lint_cmake' to check CMake code style
-- Added test 'uncrustify' to check C / C++ code style
-- Configured uncrustify additional arguments: 
-- Added test 'xmllint' to check XML markup files
-- Configuring done
-- Generating done
-- Build files have been written to: /home/justin/abb_project/build/abb_package
[35m[1mConsolidate compiler generated dependencies of target abb_node[0m
[100%] Built target abb_node
-- Install configuration: ""
-- Execute custom install script
-- Up-to-date symlink: /home/justin/abb_project/install/abb_package/lib/abb_package/abb_node
-- Up-to-date symlink: /home/justin/abb_project/install/abb_package/share/ament_index/resource_index/package_run_dependencies/abb_package
-- Up-to-date symlink: /home/justin/abb_project/install/abb_package/share/ament_index/resource_index/parent_prefix_path/abb_package
-- Up-to-date symlink: /home/justin/abb_project/install/abb_package/share/abb_package/environment/ament_prefix_path.sh
-- Up-to-date symlink: /home/justin/abb_project/install/abb_package/share/abb_package/environment/ament_prefix_path.dsv
-- Up-to-date symlink: /home/justin/abb_project/install/abb_package/share/abb_package/environment/path.sh
-- Up-to-date symlink: /home/justin/abb_project/install/abb_package/share/abb_package/environment/path.dsv
-- Up-to-date symlink: /home/justin/abb_project/install/abb_package/share/abb_package/local_setup.bash
-- Up-to-date symlink: /home/justin/abb_project/install/abb_package/share/abb_package/local_setup.sh
-- Up-to-date symlink: /home/justin/abb_project/install/abb_package/share/abb_package/local_setup.zsh
-- Up-to-date symlink: /home/justin/abb_project/install/abb_package/share/abb_package/local_setup.dsv
-- Symlinking: /home/justin/abb_project/install/abb_package/share/abb_package/package.dsv
-- Up-to-date symlink: /home/justin/abb_project/install/abb_package/share/ament_index/resource_index/packages/abb_package
-- Up-to-date symlink: /home/justin/abb_project/install/abb_package/share/abb_package/cmake/abb_packageConfig.cmake
-- Up-to-date symlink: /home/justin/abb_project/install/abb_package/share/abb_package/cmake/abb_packageConfig-version.cmake
-- Up-to-date symlink: /home/justin/abb_project/install/abb_package/share/abb_package/package.xml
